{"/home/travis/build/npmtest/node-npmtest-flickity/test.js":{"path":"/home/travis/build/npmtest/node-npmtest-flickity/test.js","s":{"1":2,"2":2,"3":2,"4":2,"5":2,"6":2,"7":2,"8":1,"9":2,"10":2,"11":1,"12":1,"13":1,"14":1,"15":2,"16":2,"17":2,"18":2,"19":1,"20":1,"21":2,"22":2,"23":2,"24":1,"25":1,"26":1,"27":1,"28":1,"29":1,"30":1,"31":1,"32":1,"33":1,"34":1,"35":1,"36":1,"37":2,"38":2,"39":1,"40":2,"41":2,"42":1,"43":2,"44":2,"45":1,"46":2,"47":2,"48":1,"49":1,"50":1,"51":1,"52":1},"b":{"1":[2,1,1,1],"2":[1,1,1,1],"3":[1,1],"4":[1,1],"5":[1,1],"6":[1,1],"7":[1,1],"8":[1,1],"9":[1,1,1],"10":[1,1],"11":[1,1],"12":[1,1],"13":[1,1],"14":[1,1],"15":[1,1],"16":[1,1]},"f":{"1":2,"2":2,"3":2,"4":2,"5":2,"6":1,"7":1,"8":2,"9":2,"10":2,"11":2,"12":1},"fnMap":{"1":{"name":"(anonymous_1)","line":12,"loc":{"start":{"line":12,"column":1},"end":{"line":12,"column":13}}},"2":{"name":"(anonymous_2)","line":19,"loc":{"start":{"line":19,"column":5},"end":{"line":19,"column":17}}},"3":{"name":"(anonymous_3)","line":23,"loc":{"start":{"line":23,"column":24},"end":{"line":23,"column":36}}},"4":{"name":"(anonymous_4)","line":61,"loc":{"start":{"line":61,"column":5},"end":{"line":61,"column":17}}},"5":{"name":"(anonymous_5)","line":82,"loc":{"start":{"line":82,"column":5},"end":{"line":82,"column":17}}},"6":{"name":"(anonymous_6)","line":102,"loc":{"start":{"line":102,"column":83},"end":{"line":105,"column":10}},"skip":true},"7":{"name":"(anonymous_7)","line":113,"loc":{"start":{"line":113,"column":77},"end":{"line":116,"column":10}},"skip":true},"8":{"name":"(anonymous_8)","line":129,"loc":{"start":{"line":129,"column":12},"end":{"line":129,"column":40}},"skip":true},"9":{"name":"(anonymous_9)","line":137,"loc":{"start":{"line":137,"column":77},"end":{"line":140,"column":10}},"skip":true},"10":{"name":"(anonymous_10)","line":148,"loc":{"start":{"line":148,"column":83},"end":{"line":151,"column":10}},"skip":true},"11":{"name":"(anonymous_11)","line":159,"loc":{"start":{"line":159,"column":79},"end":{"line":162,"column":10}},"skip":true},"12":{"name":"(anonymous_12)","line":170,"loc":{"start":{"line":170,"column":75},"end":{"line":173,"column":10}},"skip":true}},"statementMap":{"1":{"start":{"line":12,"column":0},"end":{"line":185,"column":5}},"2":{"start":{"line":14,"column":4},"end":{"line":14,"column":14}},"3":{"start":{"line":19,"column":4},"end":{"line":56,"column":9}},"4":{"start":{"line":21,"column":8},"end":{"line":21,"column":19}},"5":{"start":{"line":23,"column":8},"end":{"line":35,"column":13}},"6":{"start":{"line":24,"column":12},"end":{"line":34,"column":13}},"7":{"start":{"line":25,"column":16},"end":{"line":28,"column":30}},"8":{"start":{"line":30,"column":16},"end":{"line":33,"column":27}},"9":{"start":{"line":37,"column":8},"end":{"line":39,"column":21}},"10":{"start":{"line":40,"column":8},"end":{"line":53,"column":9}},"11":{"start":{"line":43,"column":12},"end":{"line":46,"column":14}},"12":{"start":{"line":47,"column":12},"end":{"line":47,"column":18}},"13":{"start":{"line":50,"column":12},"end":{"line":51,"column":46}},"14":{"start":{"line":52,"column":12},"end":{"line":52,"column":18}},"15":{"start":{"line":55,"column":8},"end":{"line":55,"column":35}},"16":{"start":{"line":61,"column":4},"end":{"line":63,"column":9}},"17":{"start":{"line":62,"column":8},"end":{"line":62,"column":15}},"18":{"start":{"line":64,"column":4},"end":{"line":77,"column":5}},"19":{"start":{"line":70,"column":8},"end":{"line":70,"column":14}},"20":{"start":{"line":76,"column":8},"end":{"line":76,"column":14}},"21":{"start":{"line":82,"column":4},"end":{"line":84,"column":9}},"22":{"start":{"line":83,"column":8},"end":{"line":83,"column":15}},"23":{"start":{"line":85,"column":4},"end":{"line":184,"column":5}},"24":{"start":{"line":92,"column":8},"end":{"line":94,"column":63}},"25":{"start":{"line":95,"column":8},"end":{"line":95,"column":14}},"26":{"start":{"line":102,"column":8},"end":{"line":111,"column":10},"skip":true},"27":{"start":{"line":109,"column":12},"end":{"line":109,"column":55},"skip":true},"28":{"start":{"line":110,"column":12},"end":{"line":110,"column":48},"skip":true},"29":{"start":{"line":113,"column":8},"end":{"line":126,"column":10},"skip":true},"30":{"start":{"line":120,"column":12},"end":{"line":120,"column":76},"skip":true},"31":{"start":{"line":121,"column":12},"end":{"line":121,"column":73},"skip":true},"32":{"start":{"line":122,"column":12},"end":{"line":122,"column":74},"skip":true},"33":{"start":{"line":123,"column":12},"end":{"line":123,"column":79},"skip":true},"34":{"start":{"line":124,"column":12},"end":{"line":124,"column":25},"skip":true},"35":{"start":{"line":125,"column":12},"end":{"line":125,"column":45},"skip":true},"36":{"start":{"line":128,"column":8},"end":{"line":135,"column":14},"skip":true},"37":{"start":{"line":133,"column":16},"end":{"line":133,"column":29},"skip":true},"38":{"start":{"line":134,"column":16},"end":{"line":134,"column":55},"skip":true},"39":{"start":{"line":137,"column":8},"end":{"line":146,"column":10},"skip":true},"40":{"start":{"line":144,"column":12},"end":{"line":144,"column":25},"skip":true},"41":{"start":{"line":145,"column":12},"end":{"line":145,"column":45},"skip":true},"42":{"start":{"line":148,"column":8},"end":{"line":157,"column":10},"skip":true},"43":{"start":{"line":155,"column":12},"end":{"line":155,"column":25},"skip":true},"44":{"start":{"line":156,"column":12},"end":{"line":156,"column":48},"skip":true},"45":{"start":{"line":159,"column":8},"end":{"line":168,"column":10},"skip":true},"46":{"start":{"line":166,"column":12},"end":{"line":166,"column":25},"skip":true},"47":{"start":{"line":167,"column":12},"end":{"line":167,"column":46},"skip":true},"48":{"start":{"line":170,"column":8},"end":{"line":179,"column":10},"skip":true},"49":{"start":{"line":177,"column":12},"end":{"line":177,"column":94},"skip":true},"50":{"start":{"line":178,"column":12},"end":{"line":178,"column":48},"skip":true},"51":{"start":{"line":182,"column":8},"end":{"line":182,"column":35},"skip":true},"52":{"start":{"line":183,"column":8},"end":{"line":183,"column":14},"skip":true}},"branchMap":{"1":{"line":25,"type":"binary-expr","locations":[{"start":{"line":25,"column":23},"end":{"line":25,"column":62}},{"start":{"line":26,"column":20},"end":{"line":26,"column":70}},{"start":{"line":27,"column":20},"end":{"line":27,"column":71}},{"start":{"line":28,"column":20},"end":{"line":28,"column":29}}]},"2":{"line":30,"type":"binary-expr","locations":[{"start":{"line":30,"column":23},"end":{"line":30,"column":37}},{"start":{"line":31,"column":20},"end":{"line":31,"column":61}},{"start":{"line":32,"column":20},"end":{"line":32,"column":70}},{"start":{"line":33,"column":20},"end":{"line":33,"column":26}}]},"3":{"line":37,"type":"cond-expr","locations":[{"start":{"line":38,"column":14},"end":{"line":38,"column":20}},{"start":{"line":39,"column":14},"end":{"line":39,"column":20}}]},"4":{"line":40,"type":"switch","locations":[{"start":{"line":42,"column":8},"end":{"line":47,"column":18}},{"start":{"line":49,"column":8},"end":{"line":52,"column":18}}]},"5":{"line":44,"type":"binary-expr","locations":[{"start":{"line":44,"column":16},"end":{"line":44,"column":44}},{"start":{"line":44,"column":48},"end":{"line":44,"column":66}}]},"6":{"line":50,"type":"binary-expr","locations":[{"start":{"line":50,"column":21},"end":{"line":50,"column":49}},{"start":{"line":50,"column":53},"end":{"line":50,"column":72}}]},"7":{"line":64,"type":"switch","locations":[{"start":{"line":69,"column":4},"end":{"line":70,"column":14}},{"start":{"line":75,"column":4},"end":{"line":76,"column":14}}]},"8":{"line":85,"type":"switch","locations":[{"start":{"line":90,"column":4},"end":{"line":95,"column":14}},{"start":{"line":101,"column":4},"end":{"line":183,"column":14},"skip":true}]},"9":{"line":92,"type":"binary-expr","locations":[{"start":{"line":92,"column":18},"end":{"line":92,"column":32}},{"start":{"line":93,"column":12},"end":{"line":93,"column":53}},{"start":{"line":94,"column":12},"end":{"line":94,"column":61}}]},"10":{"line":102,"type":"binary-expr","locations":[{"start":{"line":102,"column":45},"end":{"line":102,"column":79},"skip":true},{"start":{"line":102,"column":83},"end":{"line":111,"column":9},"skip":true}]},"11":{"line":113,"type":"binary-expr","locations":[{"start":{"line":113,"column":42},"end":{"line":113,"column":73},"skip":true},{"start":{"line":113,"column":77},"end":{"line":126,"column":9},"skip":true}]},"12":{"line":128,"type":"binary-expr","locations":[{"start":{"line":128,"column":48},"end":{"line":128,"column":85},"skip":true},{"start":{"line":129,"column":12},"end":{"line":135,"column":13},"skip":true}]},"13":{"line":137,"type":"binary-expr","locations":[{"start":{"line":137,"column":42},"end":{"line":137,"column":73},"skip":true},{"start":{"line":137,"column":77},"end":{"line":146,"column":9},"skip":true}]},"14":{"line":148,"type":"binary-expr","locations":[{"start":{"line":148,"column":45},"end":{"line":148,"column":79},"skip":true},{"start":{"line":148,"column":83},"end":{"line":157,"column":9},"skip":true}]},"15":{"line":159,"type":"binary-expr","locations":[{"start":{"line":159,"column":43},"end":{"line":159,"column":75},"skip":true},{"start":{"line":159,"column":79},"end":{"line":168,"column":9},"skip":true}]},"16":{"line":170,"type":"binary-expr","locations":[{"start":{"line":170,"column":41},"end":{"line":170,"column":71},"skip":true},{"start":{"line":170,"column":75},"end":{"line":179,"column":9},"skip":true}]}},"code":["/* istanbul instrument in package npmtest_flickity */","/*jslint","    bitwise: true,","    browser: true,","    maxerr: 8,","    maxlen: 96,","    node: true,","    nomen: true,","    regexp: true,","    stupid: true","*/","(function () {","    'use strict';","    var local;","","","","    // run shared js-env code - pre-init","    (function () {","        // init local","        local = {};","        // init modeJs","        local.modeJs = (function () {","            try {","                return typeof navigator.userAgent === 'string' &&","                    typeof document.querySelector('body') === 'object' &&","                    typeof XMLHttpRequest.prototype.open === 'function' &&","                    'browser';","            } catch (errorCaughtBrowser) {","                return module.exports &&","                    typeof process.versions.node === 'string' &&","                    typeof require('http').createServer === 'function' &&","                    'node';","            }","        }());","        // init global","        local.global = local.modeJs === 'browser'","            ? window","            : global;","        switch (local.modeJs) {","        // re-init local from window.local","        case 'browser':","            local = local.global.utility2.objectSetDefault(","                local.global.utility2_rollup || local.global.local,","                local.global.utility2","            );","            break;","        // re-init local from example.js","        case 'node':","            local = (local.global.utility2_rollup || require('utility2'))","                .requireExampleJsFromReadme();","            break;","        }","        // export local","        local.global.local = local;","    }());","","","","    // run shared js-env code - function","    (function () {","        return;","    }());","    switch (local.modeJs) {","","","","    // run browser js-env code - function","    case 'browser':","        break;","","","","    // run node js-env code - function","    case 'node':","        break;","    }","","","","    // run shared js-env code - post-init","    (function () {","        return;","    }());","    switch (local.modeJs) {","","","","    // run browser js-env code - post-init","    case 'browser':","        // run tests","        local.nop(local.modeTest &&","            document.querySelector('#testRunButton1') &&","            document.querySelector('#testRunButton1').click());","        break;","","","","    // run node js-env code - post-init","    /* istanbul ignore next */","    case 'node':","        local.testCase_buildApidoc_default = local.testCase_buildApidoc_default || function (","            options,","            onError","        ) {","        /*","         * this function will test buildApidoc's default handling-behavior-behavior","         */","            options = { modulePathList: module.paths };","            local.buildApidoc(options, onError);","        };","","        local.testCase_buildApp_default = local.testCase_buildApp_default || function (","            options,","            onError","        ) {","        /*","         * this function will test buildApp's default handling-behavior-behavior","         */","            local.testCase_buildReadme_default(options, local.onErrorThrow);","            local.testCase_buildLib_default(options, local.onErrorThrow);","            local.testCase_buildTest_default(options, local.onErrorThrow);","            local.testCase_buildCustomOrg_default(options, local.onErrorThrow);","            options = [];","            local.buildApp(options, onError);","        };","","        local.testCase_buildCustomOrg_default = local.testCase_buildCustomOrg_default ||","            function (options, onError) {","            /*","             * this function will test buildCustomOrg's default handling-behavior","             */","                options = {};","                local.buildCustomOrg(options, onError);","            };","","        local.testCase_buildLib_default = local.testCase_buildLib_default || function (","            options,","            onError","        ) {","        /*","         * this function will test buildLib's default handling-behavior","         */","            options = {};","            local.buildLib(options, onError);","        };","","        local.testCase_buildReadme_default = local.testCase_buildReadme_default || function (","            options,","            onError","        ) {","        /*","         * this function will test buildReadme's default handling-behavior-behavior","         */","            options = {};","            local.buildReadme(options, onError);","        };","","        local.testCase_buildTest_default = local.testCase_buildTest_default || function (","            options,","            onError","        ) {","        /*","         * this function will test buildTest's default handling-behavior","         */","            options = {};","            local.buildTest(options, onError);","        };","","        local.testCase_webpage_default = local.testCase_webpage_default || function (","            options,","            onError","        ) {","        /*","         * this function will test webpage's default handling-behavior","         */","            options = { modeCoverageMerge: true, url: local.serverLocalHost + '?modeTest=1' };","            local.browserTest(options, onError);","        };","","        // run test-server","        local.testRunServer(local);","        break;","    }","}());",""],"l":{"12":2,"14":2,"19":2,"21":2,"23":2,"24":2,"25":2,"30":1,"37":2,"40":2,"43":1,"47":1,"50":1,"52":1,"55":2,"61":2,"62":2,"64":2,"70":1,"76":1,"82":2,"83":2,"85":2,"92":1,"95":1,"102":1,"109":1,"110":1,"113":1,"120":1,"121":1,"122":1,"123":1,"124":1,"125":1,"128":1,"133":2,"134":2,"137":1,"144":2,"145":2,"148":1,"155":2,"156":2,"159":1,"166":2,"167":2,"170":1,"177":1,"178":1,"182":1,"183":1}},"/home/travis/build/npmtest/node-npmtest-flickity/lib.npmtest_flickity.js":{"path":"/home/travis/build/npmtest/node-npmtest-flickity/lib.npmtest_flickity.js","s":{"1":2,"2":2,"3":2,"4":2,"5":2,"6":2,"7":2,"8":1,"9":2,"10":2,"11":2,"12":2,"13":1,"14":1,"15":1,"16":1},"b":{"1":[2,1,1,1],"2":[1,1,1,1],"3":[1,1],"4":[2,2],"5":[1,1]},"f":{"1":2,"2":2,"3":2},"fnMap":{"1":{"name":"(anonymous_1)","line":12,"loc":{"start":{"line":12,"column":1},"end":{"line":12,"column":13}}},"2":{"name":"(anonymous_2)","line":19,"loc":{"start":{"line":19,"column":5},"end":{"line":19,"column":17}}},"3":{"name":"(anonymous_3)","line":23,"loc":{"start":{"line":23,"column":24},"end":{"line":23,"column":36}}}},"statementMap":{"1":{"start":{"line":12,"column":0},"end":{"line":53,"column":5}},"2":{"start":{"line":14,"column":4},"end":{"line":14,"column":14}},"3":{"start":{"line":19,"column":4},"end":{"line":52,"column":9}},"4":{"start":{"line":21,"column":8},"end":{"line":21,"column":19}},"5":{"start":{"line":23,"column":8},"end":{"line":35,"column":13}},"6":{"start":{"line":24,"column":12},"end":{"line":34,"column":13}},"7":{"start":{"line":25,"column":16},"end":{"line":28,"column":30}},"8":{"start":{"line":30,"column":16},"end":{"line":33,"column":27}},"9":{"start":{"line":37,"column":8},"end":{"line":39,"column":21}},"10":{"start":{"line":41,"column":8},"end":{"line":41,"column":54}},"11":{"start":{"line":43,"column":8},"end":{"line":43,"column":53}},"12":{"start":{"line":45,"column":8},"end":{"line":51,"column":9}},"13":{"start":{"line":46,"column":12},"end":{"line":46,"column":59}},"14":{"start":{"line":48,"column":12},"end":{"line":48,"column":35}},"15":{"start":{"line":49,"column":12},"end":{"line":49,"column":49}},"16":{"start":{"line":50,"column":12},"end":{"line":50,"column":43}}},"branchMap":{"1":{"line":25,"type":"binary-expr","locations":[{"start":{"line":25,"column":23},"end":{"line":25,"column":62}},{"start":{"line":26,"column":20},"end":{"line":26,"column":70}},{"start":{"line":27,"column":20},"end":{"line":27,"column":71}},{"start":{"line":28,"column":20},"end":{"line":28,"column":29}}]},"2":{"line":30,"type":"binary-expr","locations":[{"start":{"line":30,"column":23},"end":{"line":30,"column":37}},{"start":{"line":31,"column":20},"end":{"line":31,"column":61}},{"start":{"line":32,"column":20},"end":{"line":32,"column":70}},{"start":{"line":33,"column":20},"end":{"line":33,"column":26}}]},"3":{"line":37,"type":"cond-expr","locations":[{"start":{"line":38,"column":14},"end":{"line":38,"column":20}},{"start":{"line":39,"column":14},"end":{"line":39,"column":20}}]},"4":{"line":41,"type":"binary-expr","locations":[{"start":{"line":41,"column":16},"end":{"line":41,"column":44}},{"start":{"line":41,"column":48},"end":{"line":41,"column":53}}]},"5":{"line":45,"type":"if","locations":[{"start":{"line":45,"column":8},"end":{"line":45,"column":8}},{"start":{"line":45,"column":8},"end":{"line":45,"column":8}}]}},"code":["/* istanbul instrument in package npmtest_flickity */","/*jslint","    bitwise: true,","    browser: true,","    maxerr: 8,","    maxlen: 96,","    node: true,","    nomen: true,","    regexp: true,","    stupid: true","*/","(function () {","    'use strict';","    var local;","","","","    // run shared js-env code - pre-init","    (function () {","        // init local","        local = {};","        // init modeJs","        local.modeJs = (function () {","            try {","                return typeof navigator.userAgent === 'string' &&","                    typeof document.querySelector('body') === 'object' &&","                    typeof XMLHttpRequest.prototype.open === 'function' &&","                    'browser';","            } catch (errorCaughtBrowser) {","                return module.exports &&","                    typeof process.versions.node === 'string' &&","                    typeof require('http').createServer === 'function' &&","                    'node';","            }","        }());","        // init global","        local.global = local.modeJs === 'browser'","            ? window","            : global;","        // init utility2_rollup","        local = local.global.utility2_rollup || local;","        // init lib","        local.local = local.npmtest_flickity = local;","        // init exports","        if (local.modeJs === 'browser') {","            local.global.utility2_npmtest_flickity = local;","        } else {","            module.exports = local;","            module.exports.__dirname = __dirname;","            module.exports.module = module;","        }","    }());","}());",""],"l":{"12":2,"14":2,"19":2,"21":2,"23":2,"24":2,"25":2,"30":1,"37":2,"41":2,"43":2,"45":2,"46":1,"48":1,"49":1,"50":1}},"/home/travis/build/npmtest/node-npmtest-flickity/example.js":{"path":"/home/travis/build/npmtest/node-npmtest-flickity/example.js","s":{"1":2,"2":2,"3":2,"4":2,"5":2,"6":2,"7":2,"8":1,"9":2,"10":2,"11":2,"12":2,"13":1,"14":2,"15":2,"16":2,"17":2,"18":2,"19":0,"20":2,"21":1,"22":1,"23":1,"24":1,"25":1,"26":0,"27":0,"28":1,"29":1,"30":2,"31":0,"32":0,"33":0,"34":1,"35":2,"36":2,"37":2,"38":2,"39":2,"40":2,"41":0,"42":2,"43":2,"44":2,"45":1,"46":3,"47":1,"48":1,"49":1,"50":1,"51":1,"52":1,"53":1,"54":1,"55":1,"56":1,"57":0,"58":1,"59":6,"60":6,"61":1,"62":2,"63":0,"64":2,"65":1,"66":1,"67":0,"68":0,"69":0,"70":0,"71":0,"72":0,"73":0,"74":0,"75":0,"76":0,"77":0,"78":0,"79":0,"80":0,"81":0,"82":0,"83":0},"b":{"1":[2,1,1,1],"2":[1,1,1,1],"3":[1,1],"4":[2,2],"5":[1,1],"6":[1,1],"7":[2,0],"8":[2,1,1,1,1,1],"9":[0,2,0],"10":[1,1],"11":[2,1,1],"12":[1,0],"13":[0,2],"14":[2,0,0,0,0,0,0],"15":[0,2],"16":[2,0],"17":[1,1],"18":[0,1],"19":[1,2,0,2],"20":[1,0],"21":[1,1],"22":[0,0],"23":[0,0],"24":[0,0],"25":[0,0],"26":[0,0],"27":[0,0],"28":[0,0]},"f":{"1":2,"2":2,"3":2,"4":2,"5":2,"6":2,"7":2,"8":2,"9":3,"10":1,"11":6,"12":0},"fnMap":{"1":{"name":"(anonymous_1)","line":26,"loc":{"start":{"line":26,"column":1},"end":{"line":26,"column":13}}},"2":{"name":"(anonymous_2)","line":33,"loc":{"start":{"line":33,"column":5},"end":{"line":33,"column":17}}},"3":{"name":"(anonymous_3)","line":37,"loc":{"start":{"line":37,"column":24},"end":{"line":37,"column":36}}},"4":{"name":"(anonymous_4)","line":69,"loc":{"start":{"line":69,"column":31},"end":{"line":69,"column":48}},"skip":true},"5":{"name":"(anonymous_5)","line":78,"loc":{"start":{"line":78,"column":26},"end":{"line":78,"column":45}},"skip":true},"6":{"name":"(anonymous_6)","line":123,"loc":{"start":{"line":123,"column":33},"end":{"line":123,"column":48}},"skip":true},"7":{"name":"(anonymous_7)","line":125,"loc":{"start":{"line":125,"column":27},"end":{"line":125,"column":39}},"skip":true},"8":{"name":"(anonymous_8)","line":133,"loc":{"start":{"line":133,"column":59},"end":{"line":133,"column":74}},"skip":true},"9":{"name":"(anonymous_9)","line":143,"loc":{"start":{"line":143,"column":45},"end":{"line":143,"column":62}},"skip":true},"10":{"name":"(anonymous_10)","line":144,"loc":{"start":{"line":144,"column":73},"end":{"line":144,"column":92}},"skip":true},"11":{"name":"(anonymous_11)","line":272,"loc":{"start":{"line":272,"column":51},"end":{"line":272,"column":77}},"skip":true},"12":{"name":"(anonymous_12)","line":314,"loc":{"start":{"line":314,"column":32},"end":{"line":314,"column":61}},"skip":true}},"statementMap":{"1":{"start":{"line":26,"column":0},"end":{"line":325,"column":5}},"2":{"start":{"line":28,"column":4},"end":{"line":28,"column":14}},"3":{"start":{"line":33,"column":4},"end":{"line":60,"column":9}},"4":{"start":{"line":35,"column":8},"end":{"line":35,"column":19}},"5":{"start":{"line":37,"column":8},"end":{"line":49,"column":13}},"6":{"start":{"line":38,"column":12},"end":{"line":48,"column":13}},"7":{"start":{"line":39,"column":16},"end":{"line":42,"column":30}},"8":{"start":{"line":44,"column":16},"end":{"line":47,"column":27}},"9":{"start":{"line":51,"column":8},"end":{"line":53,"column":21}},"10":{"start":{"line":55,"column":8},"end":{"line":57,"column":45}},"11":{"start":{"line":59,"column":8},"end":{"line":59,"column":35}},"12":{"start":{"line":61,"column":4},"end":{"line":324,"column":5}},"13":{"start":{"line":69,"column":8},"end":{"line":121,"column":10},"skip":true},"14":{"start":{"line":70,"column":12},"end":{"line":88,"column":13},"skip":true},"15":{"start":{"line":76,"column":16},"end":{"line":87,"column":19},"skip":true},"16":{"start":{"line":79,"column":20},"end":{"line":86,"column":21},"skip":true},"17":{"start":{"line":82,"column":24},"end":{"line":82,"column":43},"skip":true},"18":{"start":{"line":83,"column":24},"end":{"line":83,"column":30},"skip":true},"19":{"start":{"line":85,"column":24},"end":{"line":85,"column":49},"skip":true},"20":{"start":{"line":89,"column":12},"end":{"line":107,"column":13},"skip":true},"21":{"start":{"line":92,"column":16},"end":{"line":102,"column":17},"skip":true},"22":{"start":{"line":93,"column":20},"end":{"line":93,"column":86},"skip":true},"23":{"start":{"line":94,"column":20},"end":{"line":95,"column":45},"skip":true},"24":{"start":{"line":96,"column":20},"end":{"line":96,"column":42},"skip":true},"25":{"start":{"line":97,"column":20},"end":{"line":97,"column":48},"skip":true},"26":{"start":{"line":100,"column":20},"end":{"line":100,"column":85},"skip":true},"27":{"start":{"line":101,"column":20},"end":{"line":101,"column":96},"skip":true},"28":{"start":{"line":103,"column":16},"end":{"line":103,"column":22},"skip":true},"29":{"start":{"line":106,"column":16},"end":{"line":106,"column":22},"skip":true},"30":{"start":{"line":108,"column":12},"end":{"line":120,"column":13},"skip":true},"31":{"start":{"line":114,"column":16},"end":{"line":119,"column":17},"skip":true},"32":{"start":{"line":116,"column":20},"end":{"line":116,"column":78},"skip":true},"33":{"start":{"line":118,"column":20},"end":{"line":118,"column":47},"skip":true},"34":{"start":{"line":123,"column":8},"end":{"line":141,"column":11},"skip":true},"35":{"start":{"line":124,"column":12},"end":{"line":124,"column":54},"skip":true},"36":{"start":{"line":125,"column":12},"end":{"line":140,"column":14},"skip":true},"37":{"start":{"line":126,"column":16},"end":{"line":126,"column":28},"skip":true},"38":{"start":{"line":127,"column":16},"end":{"line":127,"column":69},"skip":true},"39":{"start":{"line":128,"column":16},"end":{"line":128,"column":75},"skip":true},"40":{"start":{"line":129,"column":16},"end":{"line":131,"column":17},"skip":true},"41":{"start":{"line":130,"column":20},"end":{"line":130,"column":27},"skip":true},"42":{"start":{"line":133,"column":16},"end":{"line":137,"column":36},"skip":true},"43":{"start":{"line":134,"column":20},"end":{"line":136,"column":55},"skip":true},"44":{"start":{"line":139,"column":16},"end":{"line":139,"column":57},"skip":true},"45":{"start":{"line":143,"column":8},"end":{"line":147,"column":11},"skip":true},"46":{"start":{"line":144,"column":12},"end":{"line":146,"column":15},"skip":true},"47":{"start":{"line":145,"column":16},"end":{"line":145,"column":70},"skip":true},"48":{"start":{"line":149,"column":8},"end":{"line":149,"column":31},"skip":true},"49":{"start":{"line":150,"column":8},"end":{"line":150,"column":14},"skip":true},"50":{"start":{"line":158,"column":8},"end":{"line":158,"column":31},"skip":true},"51":{"start":{"line":160,"column":8},"end":{"line":160,"column":33},"skip":true},"52":{"start":{"line":161,"column":8},"end":{"line":161,"column":37},"skip":true},"53":{"start":{"line":162,"column":8},"end":{"line":162,"column":35},"skip":true},"54":{"start":{"line":164,"column":8},"end":{"line":164,"column":50},"skip":true},"55":{"start":{"line":166,"column":8},"end":{"line":256,"column":2},"skip":true},"56":{"start":{"line":258,"column":8},"end":{"line":286,"column":9},"skip":true},"57":{"start":{"line":259,"column":12},"end":{"line":269,"column":14},"skip":true},"58":{"start":{"line":271,"column":12},"end":{"line":285,"column":19},"skip":true},"59":{"start":{"line":274,"column":20},"end":{"line":274,"column":35},"skip":true},"60":{"start":{"line":275,"column":20},"end":{"line":284,"column":21},"skip":true},"61":{"start":{"line":277,"column":24},"end":{"line":277,"column":64},"skip":true},"62":{"start":{"line":279,"column":24},"end":{"line":279,"column":40},"skip":true},"63":{"start":{"line":281,"column":24},"end":{"line":281,"column":40},"skip":true},"64":{"start":{"line":283,"column":24},"end":{"line":283,"column":39},"skip":true},"65":{"start":{"line":288,"column":8},"end":{"line":290,"column":9},"skip":true},"66":{"start":{"line":289,"column":12},"end":{"line":289,"column":18},"skip":true},"67":{"start":{"line":291,"column":8},"end":{"line":293,"column":54},"skip":true},"68":{"start":{"line":294,"column":8},"end":{"line":301,"column":37},"skip":true},"69":{"start":{"line":302,"column":8},"end":{"line":302,"column":82},"skip":true},"70":{"start":{"line":305,"column":8},"end":{"line":307,"column":9},"skip":true},"71":{"start":{"line":306,"column":12},"end":{"line":306,"column":82},"skip":true},"72":{"start":{"line":309,"column":8},"end":{"line":311,"column":9},"skip":true},"73":{"start":{"line":310,"column":12},"end":{"line":310,"column":18},"skip":true},"74":{"start":{"line":312,"column":8},"end":{"line":312,"column":54},"skip":true},"75":{"start":{"line":313,"column":8},"end":{"line":313,"column":69},"skip":true},"76":{"start":{"line":314,"column":8},"end":{"line":322,"column":36},"skip":true},"77":{"start":{"line":315,"column":12},"end":{"line":315,"column":61},"skip":true},"78":{"start":{"line":316,"column":12},"end":{"line":319,"column":13},"skip":true},"79":{"start":{"line":317,"column":16},"end":{"line":317,"column":75},"skip":true},"80":{"start":{"line":318,"column":16},"end":{"line":318,"column":23},"skip":true},"81":{"start":{"line":320,"column":12},"end":{"line":320,"column":38},"skip":true},"82":{"start":{"line":321,"column":12},"end":{"line":321,"column":27},"skip":true},"83":{"start":{"line":323,"column":8},"end":{"line":323,"column":14},"skip":true}},"branchMap":{"1":{"line":39,"type":"binary-expr","locations":[{"start":{"line":39,"column":23},"end":{"line":39,"column":62}},{"start":{"line":40,"column":20},"end":{"line":40,"column":70}},{"start":{"line":41,"column":20},"end":{"line":41,"column":71}},{"start":{"line":42,"column":20},"end":{"line":42,"column":29}}]},"2":{"line":44,"type":"binary-expr","locations":[{"start":{"line":44,"column":23},"end":{"line":44,"column":37}},{"start":{"line":45,"column":20},"end":{"line":45,"column":61}},{"start":{"line":46,"column":20},"end":{"line":46,"column":70}},{"start":{"line":47,"column":20},"end":{"line":47,"column":26}}]},"3":{"line":51,"type":"cond-expr","locations":[{"start":{"line":52,"column":14},"end":{"line":52,"column":20}},{"start":{"line":53,"column":14},"end":{"line":53,"column":20}}]},"4":{"line":55,"type":"binary-expr","locations":[{"start":{"line":55,"column":16},"end":{"line":55,"column":44}},{"start":{"line":55,"column":49},"end":{"line":57,"column":43}}]},"5":{"line":55,"type":"cond-expr","locations":[{"start":{"line":56,"column":14},"end":{"line":56,"column":52}},{"start":{"line":57,"column":14},"end":{"line":57,"column":43}}]},"6":{"line":61,"type":"switch","locations":[{"start":{"line":68,"column":4},"end":{"line":150,"column":14},"skip":true},{"start":{"line":156,"column":4},"end":{"line":323,"column":14},"skip":true}]},"7":{"line":70,"type":"if","locations":[{"start":{"line":70,"column":12},"end":{"line":70,"column":12},"skip":true},{"start":{"line":70,"column":12},"end":{"line":70,"column":12},"skip":true}]},"8":{"line":70,"type":"binary-expr","locations":[{"start":{"line":70,"column":16},"end":{"line":70,"column":22},"skip":true},{"start":{"line":70,"column":27},"end":{"line":70,"column":32},"skip":true},{"start":{"line":71,"column":20},"end":{"line":71,"column":39},"skip":true},{"start":{"line":72,"column":20},"end":{"line":72,"column":49},"skip":true},{"start":{"line":73,"column":20},"end":{"line":73,"column":58},"skip":true},{"start":{"line":74,"column":20},"end":{"line":74,"column":69},"skip":true}]},"9":{"line":79,"type":"switch","locations":[{"start":{"line":80,"column":20},"end":{"line":80,"column":33},"skip":true},{"start":{"line":81,"column":20},"end":{"line":83,"column":30},"skip":true},{"start":{"line":84,"column":20},"end":{"line":85,"column":49},"skip":true}]},"10":{"line":89,"type":"switch","locations":[{"start":{"line":90,"column":12},"end":{"line":103,"column":22},"skip":true},{"start":{"line":105,"column":12},"end":{"line":106,"column":22},"skip":true}]},"11":{"line":89,"type":"binary-expr","locations":[{"start":{"line":89,"column":20},"end":{"line":89,"column":25},"skip":true},{"start":{"line":89,"column":29},"end":{"line":89,"column":48},"skip":true},{"start":{"line":89,"column":52},"end":{"line":89,"column":74},"skip":true}]},"12":{"line":92,"type":"if","locations":[{"start":{"line":92,"column":16},"end":{"line":92,"column":16},"skip":true},{"start":{"line":92,"column":16},"end":{"line":92,"column":16},"skip":true}]},"13":{"line":108,"type":"if","locations":[{"start":{"line":108,"column":12},"end":{"line":108,"column":12},"skip":true},{"start":{"line":108,"column":12},"end":{"line":108,"column":12},"skip":true}]},"14":{"line":108,"type":"binary-expr","locations":[{"start":{"line":108,"column":16},"end":{"line":108,"column":61},"skip":true},{"start":{"line":108,"column":66},"end":{"line":108,"column":72},"skip":true},{"start":{"line":108,"column":77},"end":{"line":108,"column":82},"skip":true},{"start":{"line":109,"column":20},"end":{"line":109,"column":39},"skip":true},{"start":{"line":110,"column":20},"end":{"line":110,"column":49},"skip":true},{"start":{"line":111,"column":20},"end":{"line":111,"column":58},"skip":true},{"start":{"line":112,"column":20},"end":{"line":112,"column":68},"skip":true}]},"15":{"line":129,"type":"if","locations":[{"start":{"line":129,"column":16},"end":{"line":129,"column":16},"skip":true},{"start":{"line":129,"column":16},"end":{"line":129,"column":16},"skip":true}]},"16":{"line":134,"type":"cond-expr","locations":[{"start":{"line":135,"column":26},"end":{"line":135,"column":29},"skip":true},{"start":{"line":136,"column":26},"end":{"line":136,"column":54},"skip":true}]},"17":{"line":164,"type":"binary-expr","locations":[{"start":{"line":164,"column":27},"end":{"line":164,"column":43},"skip":true},{"start":{"line":164,"column":47},"end":{"line":164,"column":49},"skip":true}]},"18":{"line":258,"type":"if","locations":[{"start":{"line":258,"column":8},"end":{"line":258,"column":8},"skip":true},{"start":{"line":258,"column":8},"end":{"line":258,"column":8},"skip":true}]},"19":{"line":275,"type":"switch","locations":[{"start":{"line":276,"column":20},"end":{"line":277,"column":64},"skip":true},{"start":{"line":278,"column":20},"end":{"line":279,"column":40},"skip":true},{"start":{"line":280,"column":20},"end":{"line":281,"column":40},"skip":true},{"start":{"line":282,"column":20},"end":{"line":283,"column":39},"skip":true}]},"20":{"line":288,"type":"if","locations":[{"start":{"line":288,"column":8},"end":{"line":288,"column":8},"skip":true},{"start":{"line":288,"column":8},"end":{"line":288,"column":8},"skip":true}]},"21":{"line":288,"type":"binary-expr","locations":[{"start":{"line":288,"column":12},"end":{"line":288,"column":40},"skip":true},{"start":{"line":288,"column":44},"end":{"line":288,"column":67},"skip":true}]},"22":{"line":292,"type":"binary-expr","locations":[{"start":{"line":292,"column":12},"end":{"line":292,"column":50},"skip":true},{"start":{"line":293,"column":12},"end":{"line":293,"column":53},"skip":true}]},"23":{"line":295,"type":"binary-expr","locations":[{"start":{"line":295,"column":12},"end":{"line":295,"column":66},"skip":true},{"start":{"line":296,"column":12},"end":{"line":301,"column":36},"skip":true}]},"24":{"line":302,"type":"binary-expr","locations":[{"start":{"line":302,"column":43},"end":{"line":302,"column":75},"skip":true},{"start":{"line":302,"column":79},"end":{"line":302,"column":81},"skip":true}]},"25":{"line":305,"type":"if","locations":[{"start":{"line":305,"column":8},"end":{"line":305,"column":8},"skip":true},{"start":{"line":305,"column":8},"end":{"line":305,"column":8},"skip":true}]},"26":{"line":309,"type":"if","locations":[{"start":{"line":309,"column":8},"end":{"line":309,"column":8},"skip":true},{"start":{"line":309,"column":8},"end":{"line":309,"column":8},"skip":true}]},"27":{"line":312,"type":"binary-expr","locations":[{"start":{"line":312,"column":27},"end":{"line":312,"column":43},"skip":true},{"start":{"line":312,"column":47},"end":{"line":312,"column":53},"skip":true}]},"28":{"line":316,"type":"if","locations":[{"start":{"line":316,"column":12},"end":{"line":316,"column":12},"skip":true},{"start":{"line":316,"column":12},"end":{"line":316,"column":12},"skip":true}]}},"code":["/*","example.js","","quickstart example","","instruction","    1. save this script as example.js","    2. run the shell command:","        $ npm install npmtest-flickity && PORT=8081 node example.js","    3. play with the browser-demo on http://127.0.0.1:8081","*/","","","","/* istanbul instrument in package npmtest_flickity */","/*jslint","    bitwise: true,","    browser: true,","    maxerr: 8,","    maxlen: 96,","    node: true,","    nomen: true,","    regexp: true,","    stupid: true","*/","(function () {","    'use strict';","    var local;","","","","    // run shared js-env code - pre-init","    (function () {","        // init local","        local = {};","        // init modeJs","        local.modeJs = (function () {","            try {","                return typeof navigator.userAgent === 'string' &&","                    typeof document.querySelector('body') === 'object' &&","                    typeof XMLHttpRequest.prototype.open === 'function' &&","                    'browser';","            } catch (errorCaughtBrowser) {","                return module.exports &&","                    typeof process.versions.node === 'string' &&","                    typeof require('http').createServer === 'function' &&","                    'node';","            }","        }());","        // init global","        local.global = local.modeJs === 'browser'","            ? window","            : global;","        // init utility2_rollup","        local = local.global.utility2_rollup || (local.modeJs === 'browser'","            ? local.global.utility2_npmtest_flickity","            : global.utility2_moduleExports);","        // export local","        local.global.local = local;","    }());","    switch (local.modeJs) {","","","","    // post-init","    // run browser js-env code - post-init","    /* istanbul ignore next */","    case 'browser':","        local.testRunBrowser = function (event) {","            if (!event || (event &&","                    event.currentTarget &&","                    event.currentTarget.className &&","                    event.currentTarget.className.includes &&","                    event.currentTarget.className.includes('onreset'))) {","                // reset output","                Array.from(","                    document.querySelectorAll('body > .resettable')","                ).forEach(function (element) {","                    switch (element.tagName) {","                    case 'INPUT':","                    case 'TEXTAREA':","                        element.value = '';","                        break;","                    default:","                        element.textContent = '';","                    }","                });","            }","            switch (event && event.currentTarget && event.currentTarget.id) {","            case 'testRunButton1':","                // show tests","                if (document.querySelector('#testReportDiv1').style.display === 'none') {","                    document.querySelector('#testReportDiv1').style.display = 'block';","                    document.querySelector('#testRunButton1').textContent =","                        'hide internal test';","                    local.modeTest = true;","                    local.testRunDefault(local);","                // hide tests","                } else {","                    document.querySelector('#testReportDiv1').style.display = 'none';","                    document.querySelector('#testRunButton1').textContent = 'run internal test';","                }","                break;","            // custom-case","            default:","                break;","            }","            if (document.querySelector('#inputTextareaEval1') && (!event || (event &&","                    event.currentTarget &&","                    event.currentTarget.className &&","                    event.currentTarget.className.includes &&","                    event.currentTarget.className.includes('oneval')))) {","                // try to eval input-code","                try {","                    /*jslint evil: true*/","                    eval(document.querySelector('#inputTextareaEval1').value);","                } catch (errorCaught) {","                    console.error(errorCaught);","                }","            }","        };","        // log stderr and stdout to #outputTextareaStdout1","        ['error', 'log'].forEach(function (key) {","            console[key + '_original'] = console[key];","            console[key] = function () {","                var element;","                console[key + '_original'].apply(console, arguments);","                element = document.querySelector('#outputTextareaStdout1');","                if (!element) {","                    return;","                }","                // append text to #outputTextareaStdout1","                element.value += Array.from(arguments).map(function (arg) {","                    return typeof arg === 'string'","                        ? arg","                        : JSON.stringify(arg, null, 4);","                }).join(' ') + '\\n';","                // scroll textarea to bottom","                element.scrollTop = element.scrollHeight;","            };","        });","        // init event-handling","        ['change', 'click', 'keyup'].forEach(function (event) {","            Array.from(document.querySelectorAll('.on' + event)).forEach(function (element) {","                element.addEventListener(event, local.testRunBrowser);","            });","        });","        // run tests","        local.testRunBrowser();","        break;","","","","    // run node js-env code - post-init","    /* istanbul ignore next */","    case 'node':","        // export local","        module.exports = local;","        // require modules","        local.fs = require('fs');","        local.http = require('http');","        local.url = require('url');","        // init assets","        local.assetsDict = local.assetsDict || {};","        /* jslint-ignore-begin */","        local.assetsDict['/assets.index.template.html'] = '\\","<!doctype html>\\n\\","<html lang=\"en\">\\n\\","<head>\\n\\","<meta charset=\"UTF-8\">\\n\\","<meta name=\"viewport\" content=\"width=device-width, initial-scale=1\">\\n\\","<title>{{env.npm_package_name}} (v{{env.npm_package_version}})</title>\\n\\","<style>\\n\\","/*csslint\\n\\","    box-sizing: false,\\n\\","    universal-selector: false\\n\\","*/\\n\\","* {\\n\\","    box-sizing: border-box;\\n\\","}\\n\\","body {\\n\\","    background: #dde;\\n\\","    font-family: Arial, Helvetica, sans-serif;\\n\\","    margin: 2rem;\\n\\","}\\n\\","body > * {\\n\\","    margin-bottom: 1rem;\\n\\","}\\n\\",".utility2FooterDiv {\\n\\","    margin-top: 20px;\\n\\","    text-align: center;\\n\\","}\\n\\","</style>\\n\\","<style>\\n\\","/*csslint\\n\\","*/\\n\\","textarea {\\n\\","    font-family: monospace;\\n\\","    height: 10rem;\\n\\","    width: 100%;\\n\\","}\\n\\","textarea[readonly] {\\n\\","    background: #ddd;\\n\\","}\\n\\","</style>\\n\\","</head>\\n\\","<body>\\n\\","<!-- utility2-comment\\n\\","<div id=\"ajaxProgressDiv1\" style=\"background: #d00; height: 2px; left: 0; margin: 0; padding: 0; position: fixed; top: 0; transition: background 0.5s, width 1.5s; width: 25%;\"></div>\\n\\","utility2-comment -->\\n\\","<h1>\\n\\","<!-- utility2-comment\\n\\","    <a\\n\\","        {{#if env.npm_package_homepage}}\\n\\","        href=\"{{env.npm_package_homepage}}\"\\n\\","        {{/if env.npm_package_homepage}}\\n\\","        target=\"_blank\"\\n\\","    >\\n\\","utility2-comment -->\\n\\","        {{env.npm_package_name}} (v{{env.npm_package_version}})\\n\\","<!-- utility2-comment\\n\\","    </a>\\n\\","utility2-comment -->\\n\\","</h1>\\n\\","<h3>{{env.npm_package_description}}</h3>\\n\\","<!-- utility2-comment\\n\\","<h4><a download href=\"assets.app.js\">download standalone app</a></h4>\\n\\","<button class=\"onclick onreset\" id=\"testRunButton1\">run internal test</button><br>\\n\\","<div id=\"testReportDiv1\" style=\"display: none;\"></div>\\n\\","utility2-comment -->\\n\\","\\n\\","\\n\\","\\n\\","<label>stderr and stdout</label>\\n\\","<textarea class=\"resettable\" id=\"outputTextareaStdout1\" readonly></textarea>\\n\\","<!-- utility2-comment\\n\\","{{#if isRollup}}\\n\\","<script src=\"assets.app.js\"></script>\\n\\","{{#unless isRollup}}\\n\\","utility2-comment -->\\n\\","<script src=\"assets.utility2.rollup.js\"></script>\\n\\","<script src=\"jsonp.utility2._stateInit?callback=window.utility2._stateInit\"></script>\\n\\","<script src=\"assets.npmtest_flickity.rollup.js\"></script>\\n\\","<script src=\"assets.example.js\"></script>\\n\\","<script src=\"assets.test.js\"></script>\\n\\","<!-- utility2-comment\\n\\","{{/if isRollup}}\\n\\","utility2-comment -->\\n\\","<div class=\"utility2FooterDiv\">\\n\\","    [ this app was created with\\n\\","    <a href=\"https://github.com/kaizhu256/node-utility2\" target=\"_blank\">utility2</a>\\n\\","    ]\\n\\","</div>\\n\\","</body>\\n\\","</html>\\n\\","';","        /* jslint-ignore-end */","        if (local.templateRender) {","            local.assetsDict['/'] = local.templateRender(","                local.assetsDict['/assets.index.template.html'],","                {","                    env: local.objectSetDefault(local.env, {","                        npm_package_description: 'the greatest app in the world!',","                        npm_package_name: 'my-app',","                        npm_package_nameAlias: 'my_app',","                        npm_package_version: '0.0.1'","                    })","                }","            );","        } else {","            local.assetsDict['/'] = local.assetsDict['/assets.index.template.html']","                .replace((/\\{\\{env\\.(\\w+?)\\}\\}/g), function (match0, match1) {","                    // jslint-hack","                    String(match0);","                    switch (match1) {","                    case 'npm_package_description':","                        return 'the greatest app in the world!';","                    case 'npm_package_name':","                        return 'my-app';","                    case 'npm_package_nameAlias':","                        return 'my_app';","                    case 'npm_package_version':","                        return '0.0.1';","                    }","                });","        }","        // run the cli","        if (local.global.utility2_rollup || module !== require.main) {","            break;","        }","        local.assetsDict['/assets.example.js'] =","            local.assetsDict['/assets.example.js'] ||","            local.fs.readFileSync(__filename, 'utf8');","        local.assetsDict['/assets.npmtest_flickity.rollup.js'] =","            local.assetsDict['/assets.npmtest_flickity.rollup.js'] ||","            local.fs.readFileSync(","                // buildCustomOrg-hack","                local.npmtest_flickity.__dirname +","                    '/lib.npmtest_flickity.js',","                'utf8'","            ).replace((/^#!/), '//');","        local.assetsDict['/favicon.ico'] = local.assetsDict['/favicon.ico'] || '';","        // if $npm_config_timeout_exit exists,","        // then exit this process after $npm_config_timeout_exit ms","        if (Number(process.env.npm_config_timeout_exit)) {","            setTimeout(process.exit, Number(process.env.npm_config_timeout_exit));","        }","        // start server","        if (local.global.utility2_serverHttp1) {","            break;","        }","        process.env.PORT = process.env.PORT || '8081';","        console.error('server starting on port ' + process.env.PORT);","        local.http.createServer(function (request, response) {","            request.urlParsed = local.url.parse(request.url);","            if (local.assetsDict[request.urlParsed.pathname] !== undefined) {","                response.end(local.assetsDict[request.urlParsed.pathname]);","                return;","            }","            response.statusCode = 404;","            response.end();","        }).listen(process.env.PORT);","        break;","    }","}());",""],"l":{"26":2,"28":2,"33":2,"35":2,"37":2,"38":2,"39":2,"44":1,"51":2,"55":2,"59":2,"61":2,"69":1,"70":2,"76":2,"79":2,"82":2,"83":2,"85":1,"89":2,"92":1,"93":1,"94":1,"96":1,"97":1,"100":1,"101":1,"103":1,"106":1,"108":2,"114":1,"116":1,"118":1,"123":1,"124":2,"125":2,"126":2,"127":2,"128":2,"129":2,"130":1,"133":2,"134":2,"139":2,"143":1,"144":3,"145":1,"149":1,"150":1,"158":1,"160":1,"161":1,"162":1,"164":1,"166":1,"258":1,"259":1,"271":1,"274":6,"275":6,"277":1,"279":2,"281":1,"283":2,"288":1,"289":1,"291":1,"294":1,"302":1,"305":1,"306":1,"309":1,"310":1,"312":1,"313":1,"314":1,"315":1,"316":1,"317":1,"318":1,"320":1,"321":1,"323":1}},"/home/travis/build/npmtest/node-npmtest-flickity/node_modules/flickity/js/index.js":{"path":"/home/travis/build/npmtest/node-npmtest-flickity/node_modules/flickity/js/index.js","s":{"1":3,"2":0,"3":0,"4":0,"5":0,"6":0},"b":{"1":[0,0],"2":[0,0],"3":[0,0],"4":[0,0]},"f":{"1":0,"2":0},"fnMap":{"1":{"name":"(anonymous_1)","line":12,"loc":{"start":{"line":12,"column":2},"end":{"line":12,"column":30}}},"2":{"name":"factory","line":39,"loc":{"start":{"line":39,"column":12},"end":{"line":39,"column":41}}}},"statementMap":{"1":{"start":{"line":12,"column":0},"end":{"line":42,"column":3}},"2":{"start":{"line":15,"column":2},"end":{"line":37,"column":3}},"3":{"start":{"line":17,"column":4},"end":{"line":25,"column":17}},"4":{"start":{"line":26,"column":9},"end":{"line":37,"column":3}},"5":{"start":{"line":28,"column":4},"end":{"line":36,"column":6}},"6":{"start":{"line":41,"column":2},"end":{"line":41,"column":18}}},"branchMap":{"1":{"line":15,"type":"if","locations":[{"start":{"line":15,"column":2},"end":{"line":15,"column":2}},{"start":{"line":15,"column":2},"end":{"line":15,"column":2}}]},"2":{"line":15,"type":"binary-expr","locations":[{"start":{"line":15,"column":7},"end":{"line":15,"column":34}},{"start":{"line":15,"column":38},"end":{"line":15,"column":48}}]},"3":{"line":26,"type":"if","locations":[{"start":{"line":26,"column":9},"end":{"line":26,"column":9}},{"start":{"line":26,"column":9},"end":{"line":26,"column":9}}]},"4":{"line":26,"type":"binary-expr","locations":[{"start":{"line":26,"column":14},"end":{"line":26,"column":39}},{"start":{"line":26,"column":43},"end":{"line":26,"column":57}}]}},"code":["/*!"," * Flickity v2.0.5"," * Touch, responsive, flickable carousels"," *"," * Licensed GPLv3 for open source use"," * or Flickity Commercial License for commercial use"," *"," * http://flickity.metafizzy.co"," * Copyright 2016 Metafizzy"," */","","( function( window, factory ) {","  // universal module definition","  /* jshint strict: false */","  if ( typeof define == 'function' && define.amd ) {","    // AMD","    define( [","      './flickity',","      './drag',","      './prev-next-button',","      './page-dots',","      './player',","      './add-remove-cell',","      './lazyload'","    ], factory );","  } else if ( typeof module == 'object' && module.exports ) {","    // CommonJS","    module.exports = factory(","      require('./flickity'),","      require('./drag'),","      require('./prev-next-button'),","      require('./page-dots'),","      require('./player'),","      require('./add-remove-cell'),","      require('./lazyload')","    );","  }","","})( window, function factory( Flickity ) {","  /*jshint strict: false*/","  return Flickity;","});",""],"l":{"12":3,"15":0,"17":0,"26":0,"28":0,"41":0}},"/home/travis/build/npmtest/node-npmtest-flickity/node_modules/flickity/gulpfile.js":{"path":"/home/travis/build/npmtest/node-npmtest-flickity/node_modules/flickity/gulpfile.js","s":{"1":2,"2":2,"3":0,"4":0,"5":0,"6":0,"7":0,"8":0,"9":0,"10":0,"11":0,"12":0,"13":0,"14":0,"15":0,"16":0,"17":0,"18":0,"19":0,"20":1,"21":0,"22":0,"23":0,"24":0,"25":1,"26":0,"27":0,"28":0,"29":0,"30":0,"31":0,"32":0,"33":0,"34":0,"35":0,"36":0,"37":0,"38":0,"39":0,"40":0,"41":0,"42":0,"43":0,"44":0,"45":1,"46":0,"47":0,"48":0,"49":0,"50":0,"51":0,"52":0},"b":{"1":[0,0],"2":[0,0]},"f":{"1":0,"2":0,"3":0,"4":0,"5":0,"6":0,"7":0,"8":0,"9":0,"10":0,"11":0},"fnMap":{"1":{"name":"(anonymous_1)","line":12,"loc":{"start":{"line":12,"column":22},"end":{"line":12,"column":33}}},"2":{"name":"(anonymous_2)","line":18,"loc":{"start":{"line":18,"column":24},"end":{"line":18,"column":35}}},"3":{"name":"(anonymous_3)","line":24,"loc":{"start":{"line":24,"column":24},"end":{"line":24,"column":35}}},"4":{"name":"(anonymous_4)","line":32,"loc":{"start":{"line":32,"column":23},"end":{"line":32,"column":34}}},"5":{"name":"getBanner","line":49,"loc":{"start":{"line":49,"column":0},"end":{"line":49,"column":21}}},"6":{"name":"addBanner","line":56,"loc":{"start":{"line":56,"column":0},"end":{"line":56,"column":26}}},"7":{"name":"(anonymous_7)","line":60,"loc":{"start":{"line":60,"column":24},"end":{"line":60,"column":35}}},"8":{"name":"(anonymous_8)","line":92,"loc":{"start":{"line":92,"column":38},"end":{"line":92,"column":49}}},"9":{"name":"(anonymous_9)","line":106,"loc":{"start":{"line":106,"column":18},"end":{"line":106,"column":29}}},"10":{"name":"(anonymous_10)","line":124,"loc":{"start":{"line":124,"column":22},"end":{"line":124,"column":33}}},"11":{"name":"sourceReplace","line":133,"loc":{"start":{"line":133,"column":2},"end":{"line":133,"column":27}}}},"statementMap":{"1":{"start":{"line":3,"column":0},"end":{"line":3,"column":23}},"2":{"start":{"line":4,"column":0},"end":{"line":4,"column":27}},"3":{"start":{"line":5,"column":0},"end":{"line":5,"column":36}},"4":{"start":{"line":6,"column":0},"end":{"line":6,"column":38}},"5":{"start":{"line":10,"column":0},"end":{"line":10,"column":36}},"6":{"start":{"line":12,"column":0},"end":{"line":16,"column":3}},"7":{"start":{"line":13,"column":2},"end":{"line":15,"column":40}},"8":{"start":{"line":18,"column":0},"end":{"line":22,"column":3}},"9":{"start":{"line":19,"column":2},"end":{"line":21,"column":40}},"10":{"start":{"line":24,"column":0},"end":{"line":28,"column":3}},"11":{"start":{"line":25,"column":2},"end":{"line":27,"column":40}},"12":{"start":{"line":30,"column":0},"end":{"line":30,"column":41}},"13":{"start":{"line":32,"column":0},"end":{"line":36,"column":3}},"14":{"start":{"line":33,"column":2},"end":{"line":35,"column":40}},"15":{"start":{"line":38,"column":0},"end":{"line":38,"column":72}},"16":{"start":{"line":42,"column":0},"end":{"line":42,"column":33}},"17":{"start":{"line":43,"column":0},"end":{"line":43,"column":29}},"18":{"start":{"line":44,"column":0},"end":{"line":44,"column":53}},"19":{"start":{"line":47,"column":0},"end":{"line":47,"column":72}},"20":{"start":{"line":49,"column":0},"end":{"line":54,"column":1}},"21":{"start":{"line":50,"column":2},"end":{"line":50,"column":53}},"22":{"start":{"line":51,"column":2},"end":{"line":51,"column":45}},"23":{"start":{"line":52,"column":2},"end":{"line":52,"column":69}},"24":{"start":{"line":53,"column":2},"end":{"line":53,"column":16}},"25":{"start":{"line":56,"column":0},"end":{"line":58,"column":1}},"26":{"start":{"line":57,"column":2},"end":{"line":57,"column":29}},"27":{"start":{"line":60,"column":0},"end":{"line":85,"column":3}},"28":{"start":{"line":61,"column":2},"end":{"line":61,"column":27}},"29":{"start":{"line":64,"column":2},"end":{"line":84,"column":31}},"30":{"start":{"line":90,"column":0},"end":{"line":90,"column":36}},"31":{"start":{"line":92,"column":0},"end":{"line":100,"column":3}},"32":{"start":{"line":93,"column":2},"end":{"line":93,"column":27}},"33":{"start":{"line":94,"column":2},"end":{"line":99,"column":31}},"34":{"start":{"line":104,"column":0},"end":{"line":104,"column":41}},"35":{"start":{"line":106,"column":0},"end":{"line":115,"column":3}},"36":{"start":{"line":107,"column":2},"end":{"line":114,"column":31}},"37":{"start":{"line":121,"column":0},"end":{"line":121,"column":35}},"38":{"start":{"line":124,"column":0},"end":{"line":153,"column":3}},"39":{"start":{"line":125,"column":2},"end":{"line":125,"column":47}},"40":{"start":{"line":126,"column":2},"end":{"line":126,"column":23}},"41":{"start":{"line":127,"column":2},"end":{"line":130,"column":3}},"42":{"start":{"line":128,"column":4},"end":{"line":128,"column":60}},"43":{"start":{"line":129,"column":4},"end":{"line":129,"column":11}},"44":{"start":{"line":131,"column":2},"end":{"line":131,"column":62}},"45":{"start":{"line":133,"column":2},"end":{"line":135,"column":3}},"46":{"start":{"line":134,"column":4},"end":{"line":134,"column":71}},"47":{"start":{"line":137,"column":2},"end":{"line":139,"column":29}},"48":{"start":{"line":141,"column":2},"end":{"line":143,"column":30}},"49":{"start":{"line":145,"column":2},"end":{"line":147,"column":28}},"50":{"start":{"line":149,"column":2},"end":{"line":149,"column":52}},"51":{"start":{"line":150,"column":2},"end":{"line":152,"column":28}},"52":{"start":{"line":157,"column":0},"end":{"line":162,"column":3}}},"branchMap":{"1":{"line":127,"type":"if","locations":[{"start":{"line":127,"column":2},"end":{"line":127,"column":2}},{"start":{"line":127,"column":2},"end":{"line":127,"column":2}}]},"2":{"line":127,"type":"binary-expr","locations":[{"start":{"line":127,"column":7},"end":{"line":127,"column":15}},{"start":{"line":127,"column":19},"end":{"line":127,"column":48}}]}},"code":["/*jshint node: true, strict: false */","","var fs = require('fs');","var gulp = require('gulp');","var rename = require('gulp-rename');","var replace = require('gulp-replace');","","// ----- hint ----- //","","var jshint = require('gulp-jshint');","","gulp.task( 'hint-js', function() {","  return gulp.src('js/**/*.js')","    .pipe( jshint() )","    .pipe( jshint.reporter('default') );","});","","gulp.task( 'hint-test', function() {","  return gulp.src('test/unit/*.js')","    .pipe( jshint() )","    .pipe( jshint.reporter('default') );","});","","gulp.task( 'hint-task', function() {","  return gulp.src('gulpfile.js')","    .pipe( jshint() )","    .pipe( jshint.reporter('default') );","});","","var jsonlint = require('gulp-json-lint');","","gulp.task( 'jsonlint', function() {","  return gulp.src( '*.json' )","    .pipe( jsonlint() )","    .pipe( jsonlint.report('verbose') );","});","","gulp.task( 'hint', [ 'hint-js', 'hint-test', 'hint-task', 'jsonlint' ]);","","// -------------------------- RequireJS makes pkgd -------------------------- //","","var gutil = require('gulp-util');","var chalk = require('chalk');","var rjsOptimize = require('gulp-requirejs-optimize');","","// regex for banner comment","var reBannerComment = new RegExp('^\\\\s*(?:\\\\/\\\\*[\\\\s\\\\S]*?\\\\*\\\\/)\\\\s*');","","function getBanner() {","  var src = fs.readFileSync( 'js/index.js', 'utf8' );","  var matches = src.match( reBannerComment );","  var banner = matches[0].replace( 'Flickity', 'Flickity PACKAGED' );","  return banner;","}","","function addBanner( str ) {","  return replace( /^/, str );","}","","gulp.task( 'requirejs', function() {","  var banner = getBanner();","  // HACK src is not needed","  // should refactor rjsOptimize to produce src","  return gulp.src('js/index.js')","    .pipe( rjsOptimize({","      baseUrl: 'bower_components',","      optimize: 'none',","      include: [","        'jquery-bridget/jquery-bridget',","        'flickity/js/index',","        'flickity-as-nav-for/as-nav-for',","        'flickity-imagesloaded/flickity-imagesloaded'","      ],","      paths: {","        flickity: '../',","        jquery: 'empty:'","      }","    }) )","    // remove named module","    .pipe( replace( \"'flickity-imagesloaded/flickity-imagesloaded',\", '' ) )","    // add banner","    .pipe( addBanner( banner ) )","    .pipe( rename('flickity.pkgd.js') )","    .pipe( gulp.dest('dist') );","});","","","// ----- uglify ----- //","","var uglify = require('gulp-uglify');","","gulp.task( 'uglify', [ 'requirejs' ], function() {","  var banner = getBanner();","  gulp.src('dist/flickity.pkgd.js')","    .pipe( uglify() )","    // add banner","    .pipe( addBanner( banner ) )","    .pipe( rename('flickity.pkgd.min.js') )","    .pipe( gulp.dest('dist') );","});","","// ----- css ----- //","","var cleanCSS = require('gulp-clean-css');","","gulp.task( 'css', function() {","  gulp.src('css/flickity.css')","    // copy to dist","    .pipe( gulp.dest('dist') )","    // minify","    .pipe( cleanCSS({ advanced: false }) )","    .pipe( rename('flickity.min.css') )","    .pipe( replace( '*/', '*/\\n' ) )","    .pipe( gulp.dest('dist') );","});","","// ----- version ----- //","","// set version in source files","","var minimist = require('minimist');","","// use gulp version -t 1.2.3","gulp.task( 'version', function() {","  var args = minimist( process.argv.slice(3) );","  var version = args.t;","  if ( !version || !/\\d\\.\\d\\.\\d/.test( version ) ) {","    gutil.log( 'invalid version: ' + chalk.red( version ) );","    return;","  }","  gutil.log( 'ticking version to ' + chalk.green( version ) );","","  function sourceReplace() {","    return replace( /Flickity v\\d\\.\\d+\\.\\d+/, 'Flickity v' + version );","  }","","  gulp.src('js/index.js')","    .pipe( sourceReplace() )","    .pipe( gulp.dest('js') );","","  gulp.src('css/flickity.css')","    .pipe( sourceReplace() )","    .pipe( gulp.dest('css') );","","  gulp.src( [ 'bower.json', 'package.json' ] )","    .pipe( replace( /\"version\": \"\\d\\.\\d+\\.\\d+\"/, '\"version\": \"' + version + '\"' ) )","    .pipe( gulp.dest('.') );","  // replace CDN links in README","  var minorVersion = version.match( /^\\d\\.\\d+/ )[0];","  gulp.src('README.md')","    .pipe( replace( /flickity@\\d\\.\\d+/g, 'flickity@' + minorVersion ))","    .pipe( gulp.dest('.') );","});","","// ----- default ----- //","","gulp.task( 'default', [","  'hint',","  'jsonlint',","  'uglify',","  'css'","]);",""],"l":{"3":2,"4":2,"5":0,"6":0,"10":0,"12":0,"13":0,"18":0,"19":0,"24":0,"25":0,"30":0,"32":0,"33":0,"38":0,"42":0,"43":0,"44":0,"47":0,"49":1,"50":0,"51":0,"52":0,"53":0,"56":1,"57":0,"60":0,"61":0,"64":0,"90":0,"92":0,"93":0,"94":0,"104":0,"106":0,"107":0,"121":0,"124":0,"125":0,"126":0,"127":0,"128":0,"129":0,"131":0,"133":1,"134":0,"137":0,"141":0,"145":0,"149":0,"150":0,"157":0}},"/home/travis/build/npmtest/node-npmtest-flickity/node_modules/flickity/js/add-remove-cell.js":{"path":"/home/travis/build/npmtest/node-npmtest-flickity/node_modules/flickity/js/add-remove-cell.js","s":{"1":2,"2":0,"3":0,"4":0,"5":0,"6":0,"7":0,"8":1,"9":0,"10":0,"11":0,"12":0,"13":0,"14":0,"15":0,"16":0,"17":0,"18":0,"19":0,"20":0,"21":0,"22":0,"23":0,"24":0,"25":0,"26":0,"27":0,"28":0,"29":0,"30":0,"31":0,"32":0,"33":0,"34":0,"35":0,"36":0,"37":0,"38":0,"39":0,"40":0,"41":0,"42":0,"43":0,"44":0,"45":0,"46":0,"47":0,"48":0,"49":0,"50":0,"51":0,"52":0,"53":0,"54":0,"55":0,"56":0,"57":0,"58":0,"59":0,"60":0,"61":0,"62":0,"63":0,"64":0,"65":0,"66":0,"67":0,"68":0,"69":0,"70":0,"71":0,"72":0,"73":0,"74":0,"75":0,"76":0,"77":0,"78":0,"79":0,"80":0},"b":{"1":[0,0],"2":[0,0],"3":[0,0],"4":[0,0],"5":[0,0],"6":[0,0],"7":[0,0],"8":[0,0],"9":[0,0],"10":[0,0],"11":[0,0],"12":[0,0],"13":[0,0],"14":[0,0],"15":[0,0],"16":[0,0],"17":[0,0]},"f":{"1":0,"2":0,"3":0,"4":0,"5":0,"6":0,"7":0,"8":0,"9":0,"10":0,"11":0,"12":0},"fnMap":{"1":{"name":"(anonymous_1)","line":2,"loc":{"start":{"line":2,"column":2},"end":{"line":2,"column":30}}},"2":{"name":"(anonymous_2)","line":10,"loc":{"start":{"line":10,"column":7},"end":{"line":10,"column":35}}},"3":{"name":"factory","line":29,"loc":{"start":{"line":29,"column":11},"end":{"line":29,"column":55}}},"4":{"name":"getCellsFragment","line":34,"loc":{"start":{"line":34,"column":0},"end":{"line":34,"column":35}}},"5":{"name":"(anonymous_5)","line":36,"loc":{"start":{"line":36,"column":17},"end":{"line":36,"column":34}}},"6":{"name":"(anonymous_6)","line":51,"loc":{"start":{"line":51,"column":15},"end":{"line":51,"column":40}}},"7":{"name":"(anonymous_7)","line":88,"loc":{"start":{"line":88,"column":15},"end":{"line":88,"column":33}}},"8":{"name":"(anonymous_8)","line":92,"loc":{"start":{"line":92,"column":16},"end":{"line":92,"column":34}}},"9":{"name":"(anonymous_9)","line":100,"loc":{"start":{"line":100,"column":15},"end":{"line":100,"column":33}}},"10":{"name":"(anonymous_10)","line":126,"loc":{"start":{"line":126,"column":26},"end":{"line":126,"column":75}}},"11":{"name":"(anonymous_11)","line":141,"loc":{"start":{"line":141,"column":23},"end":{"line":141,"column":40}}},"12":{"name":"(anonymous_12)","line":156,"loc":{"start":{"line":156,"column":19},"end":{"line":156,"column":69}}}},"statementMap":{"1":{"start":{"line":2,"column":0},"end":{"line":182,"column":4}},"2":{"start":{"line":5,"column":2},"end":{"line":27,"column":3}},"3":{"start":{"line":7,"column":4},"end":{"line":12,"column":7}},"4":{"start":{"line":11,"column":6},"end":{"line":11,"column":48}},"5":{"start":{"line":13,"column":9},"end":{"line":27,"column":3}},"6":{"start":{"line":15,"column":4},"end":{"line":19,"column":6}},"7":{"start":{"line":22,"column":4},"end":{"line":26,"column":6}},"8":{"start":{"line":34,"column":0},"end":{"line":40,"column":1}},"9":{"start":{"line":35,"column":2},"end":{"line":35,"column":51}},"10":{"start":{"line":36,"column":2},"end":{"line":38,"column":5}},"11":{"start":{"line":37,"column":4},"end":{"line":37,"column":41}},"12":{"start":{"line":39,"column":2},"end":{"line":39,"column":18}},"13":{"start":{"line":44,"column":0},"end":{"line":44,"column":31}},"14":{"start":{"line":51,"column":0},"end":{"line":86,"column":2}},"15":{"start":{"line":52,"column":2},"end":{"line":52,"column":39}},"16":{"start":{"line":53,"column":2},"end":{"line":55,"column":3}},"17":{"start":{"line":54,"column":4},"end":{"line":54,"column":11}},"18":{"start":{"line":56,"column":2},"end":{"line":56,"column":30}},"19":{"start":{"line":58,"column":2},"end":{"line":58,"column":44}},"20":{"start":{"line":60,"column":2},"end":{"line":60,"column":43}},"21":{"start":{"line":62,"column":2},"end":{"line":62,"column":30}},"22":{"start":{"line":63,"column":2},"end":{"line":68,"column":3}},"23":{"start":{"line":64,"column":4},"end":{"line":64,"column":40}},"24":{"start":{"line":66,"column":4},"end":{"line":66,"column":56}},"25":{"start":{"line":67,"column":4},"end":{"line":67,"column":60}},"26":{"start":{"line":70,"column":2},"end":{"line":80,"column":3}},"27":{"start":{"line":72,"column":4},"end":{"line":72,"column":44}},"28":{"start":{"line":73,"column":9},"end":{"line":80,"column":3}},"29":{"start":{"line":75,"column":4},"end":{"line":75,"column":44}},"30":{"start":{"line":78,"column":4},"end":{"line":78,"column":59}},"31":{"start":{"line":79,"column":4},"end":{"line":79,"column":63}},"32":{"start":{"line":82,"column":2},"end":{"line":82,"column":27}},"33":{"start":{"line":84,"column":2},"end":{"line":84,"column":73}},"34":{"start":{"line":85,"column":2},"end":{"line":85,"column":54}},"35":{"start":{"line":88,"column":0},"end":{"line":90,"column":2}},"36":{"start":{"line":89,"column":2},"end":{"line":89,"column":42}},"37":{"start":{"line":92,"column":0},"end":{"line":94,"column":2}},"38":{"start":{"line":93,"column":2},"end":{"line":93,"column":26}},"39":{"start":{"line":100,"column":0},"end":{"line":123,"column":2}},"40":{"start":{"line":101,"column":2},"end":{"line":101,"column":37}},"41":{"start":{"line":102,"column":2},"end":{"line":102,"column":29}},"42":{"start":{"line":103,"column":2},"end":{"line":103,"column":25}},"43":{"start":{"line":104,"column":2},"end":{"line":104,"column":14}},"44":{"start":{"line":106,"column":2},"end":{"line":110,"column":3}},"45":{"start":{"line":107,"column":4},"end":{"line":107,"column":20}},"46":{"start":{"line":108,"column":4},"end":{"line":108,"column":68}},"47":{"start":{"line":109,"column":4},"end":{"line":109,"column":44}},"48":{"start":{"line":112,"column":2},"end":{"line":117,"column":3}},"49":{"start":{"line":113,"column":4},"end":{"line":113,"column":20}},"50":{"start":{"line":114,"column":4},"end":{"line":114,"column":18}},"51":{"start":{"line":116,"column":4},"end":{"line":116,"column":41}},"52":{"start":{"line":119,"column":2},"end":{"line":122,"column":3}},"53":{"start":{"line":121,"column":4},"end":{"line":121,"column":52}},"54":{"start":{"line":126,"column":0},"end":{"line":135,"column":2}},"55":{"start":{"line":128,"column":2},"end":{"line":128,"column":47}},"56":{"start":{"line":129,"column":2},"end":{"line":129,"column":43}},"57":{"start":{"line":130,"column":2},"end":{"line":130,"column":93}},"58":{"start":{"line":132,"column":2},"end":{"line":132,"column":44}},"59":{"start":{"line":134,"column":2},"end":{"line":134,"column":81}},"60":{"start":{"line":141,"column":0},"end":{"line":150,"column":2}},"61":{"start":{"line":142,"column":2},"end":{"line":142,"column":34}},"62":{"start":{"line":143,"column":2},"end":{"line":145,"column":3}},"63":{"start":{"line":144,"column":4},"end":{"line":144,"column":11}},"64":{"start":{"line":146,"column":2},"end":{"line":146,"column":17}},"65":{"start":{"line":148,"column":2},"end":{"line":148,"column":41}},"66":{"start":{"line":149,"column":2},"end":{"line":149,"column":27}},"67":{"start":{"line":156,"column":0},"end":{"line":176,"column":2}},"68":{"start":{"line":157,"column":2},"end":{"line":157,"column":47}},"69":{"start":{"line":158,"column":2},"end":{"line":158,"column":42}},"70":{"start":{"line":159,"column":2},"end":{"line":159,"column":28}},"71":{"start":{"line":160,"column":2},"end":{"line":160,"column":24}},"72":{"start":{"line":161,"column":2},"end":{"line":161,"column":55}},"73":{"start":{"line":163,"column":2},"end":{"line":175,"column":3}},"74":{"start":{"line":166,"column":4},"end":{"line":166,"column":58}},"75":{"start":{"line":167,"column":4},"end":{"line":167,"column":38}},"76":{"start":{"line":168,"column":4},"end":{"line":168,"column":26}},"77":{"start":{"line":171,"column":4},"end":{"line":173,"column":5}},"78":{"start":{"line":172,"column":6},"end":{"line":172,"column":38}},"79":{"start":{"line":174,"column":4},"end":{"line":174,"column":38}},"80":{"start":{"line":180,"column":0},"end":{"line":180,"column":16}}},"branchMap":{"1":{"line":5,"type":"if","locations":[{"start":{"line":5,"column":2},"end":{"line":5,"column":2}},{"start":{"line":5,"column":2},"end":{"line":5,"column":2}}]},"2":{"line":5,"type":"binary-expr","locations":[{"start":{"line":5,"column":7},"end":{"line":5,"column":34}},{"start":{"line":5,"column":38},"end":{"line":5,"column":48}}]},"3":{"line":13,"type":"if","locations":[{"start":{"line":13,"column":9},"end":{"line":13,"column":9}},{"start":{"line":13,"column":9},"end":{"line":13,"column":9}}]},"4":{"line":13,"type":"binary-expr","locations":[{"start":{"line":13,"column":14},"end":{"line":13,"column":39}},{"start":{"line":13,"column":43},"end":{"line":13,"column":57}}]},"5":{"line":53,"type":"if","locations":[{"start":{"line":53,"column":2},"end":{"line":53,"column":2}},{"start":{"line":53,"column":2},"end":{"line":53,"column":2}}]},"6":{"line":53,"type":"binary-expr","locations":[{"start":{"line":53,"column":7},"end":{"line":53,"column":13}},{"start":{"line":53,"column":17},"end":{"line":53,"column":30}}]},"7":{"line":58,"type":"cond-expr","locations":[{"start":{"line":58,"column":32},"end":{"line":58,"column":35}},{"start":{"line":58,"column":38},"end":{"line":58,"column":43}}]},"8":{"line":63,"type":"if","locations":[{"start":{"line":63,"column":2},"end":{"line":63,"column":2}},{"start":{"line":63,"column":2},"end":{"line":63,"column":2}}]},"9":{"line":70,"type":"if","locations":[{"start":{"line":70,"column":2},"end":{"line":70,"column":2}},{"start":{"line":70,"column":2},"end":{"line":70,"column":2}}]},"10":{"line":73,"type":"if","locations":[{"start":{"line":73,"column":9},"end":{"line":73,"column":9}},{"start":{"line":73,"column":9},"end":{"line":73,"column":9}}]},"11":{"line":84,"type":"cond-expr","locations":[{"start":{"line":84,"column":56},"end":{"line":84,"column":57}},{"start":{"line":84,"column":60},"end":{"line":84,"column":72}}]},"12":{"line":109,"type":"cond-expr","locations":[{"start":{"line":109,"column":38},"end":{"line":109,"column":39}},{"start":{"line":109,"column":42},"end":{"line":109,"column":43}}]},"13":{"line":119,"type":"if","locations":[{"start":{"line":119,"column":2},"end":{"line":119,"column":2}},{"start":{"line":119,"column":2},"end":{"line":119,"column":2}}]},"14":{"line":128,"type":"binary-expr","locations":[{"start":{"line":128,"column":23},"end":{"line":128,"column":41}},{"start":{"line":128,"column":45},"end":{"line":128,"column":46}}]},"15":{"line":143,"type":"if","locations":[{"start":{"line":143,"column":2},"end":{"line":143,"column":2}},{"start":{"line":143,"column":2},"end":{"line":143,"column":2}}]},"16":{"line":163,"type":"if","locations":[{"start":{"line":163,"column":2},"end":{"line":163,"column":2}},{"start":{"line":163,"column":2},"end":{"line":163,"column":2}}]},"17":{"line":171,"type":"if","locations":[{"start":{"line":171,"column":4},"end":{"line":171,"column":4}},{"start":{"line":171,"column":4},"end":{"line":171,"column":4}}]}},"code":["// add, remove cell","( function( window, factory ) {","  // universal module definition","  /* jshint strict: false */","  if ( typeof define == 'function' && define.amd ) {","    // AMD","    define( [","      './flickity',","      'fizzy-ui-utils/utils'","    ], function( Flickity, utils ) {","      return factory( window, Flickity, utils );","    });","  } else if ( typeof module == 'object' && module.exports ) {","    // CommonJS","    module.exports = factory(","      window,","      require('./flickity'),","      require('fizzy-ui-utils')","    );","  } else {","    // browser global","    factory(","      window,","      window.Flickity,","      window.fizzyUIUtils","    );","  }","","}( window, function factory( window, Flickity, utils ) {","","'use strict';","","// append cells to a document fragment","function getCellsFragment( cells ) {","  var fragment = document.createDocumentFragment();","  cells.forEach( function( cell ) {","    fragment.appendChild( cell.element );","  });","  return fragment;","}","","// -------------------------- add/remove cell prototype -------------------------- //","","var proto = Flickity.prototype;","","/**"," * Insert, prepend, or append cells"," * @param {Element, Array, NodeList} elems"," * @param {Integer} index"," */","proto.insert = function( elems, index ) {","  var cells = this._makeCells( elems );","  if ( !cells || !cells.length ) {","    return;","  }","  var len = this.cells.length;","  // default to append","  index = index === undefined ? len : index;","  // add cells with document fragment","  var fragment = getCellsFragment( cells );","  // append to slider","  var isAppend = index == len;","  if ( isAppend ) {","    this.slider.appendChild( fragment );","  } else {","    var insertCellElement = this.cells[ index ].element;","    this.slider.insertBefore( fragment, insertCellElement );","  }","  // add to this.cells","  if ( index === 0 ) {","    // prepend, add to start","    this.cells = cells.concat( this.cells );","  } else if ( isAppend ) {","    // append, add to end","    this.cells = this.cells.concat( cells );","  } else {","    // insert in this.cells","    var endCells = this.cells.splice( index, len - index );","    this.cells = this.cells.concat( cells ).concat( endCells );","  }","","  this._sizeCells( cells );","","  var selectedIndexDelta = index > this.selectedIndex ? 0 : cells.length;","  this._cellAddedRemoved( index, selectedIndexDelta );","};","","proto.append = function( elems ) {","  this.insert( elems, this.cells.length );","};","","proto.prepend = function( elems ) {","  this.insert( elems, 0 );","};","","/**"," * Remove cells"," * @param {Element, Array, NodeList} elems"," */","proto.remove = function( elems ) {","  var cells = this.getCells( elems );","  var selectedIndexDelta = 0;","  var len = cells.length;","  var i, cell;","  // calculate selectedIndexDelta, easier if done in seperate loop","  for ( i=0; i < len; i++ ) {","    cell = cells[i];","    var wasBefore = this.cells.indexOf( cell ) < this.selectedIndex;","    selectedIndexDelta -= wasBefore ? 1 : 0;","  }","","  for ( i=0; i < len; i++ ) {","    cell = cells[i];","    cell.remove();","    // remove item from collection","    utils.removeFrom( this.cells, cell );","  }","","  if ( cells.length ) {","    // update stuff","    this._cellAddedRemoved( 0, selectedIndexDelta );","  }","};","","// updates when cells are added or removed","proto._cellAddedRemoved = function( changedCellIndex, selectedIndexDelta ) {","  // TODO this math isn't perfect with grouped slides","  selectedIndexDelta = selectedIndexDelta || 0;","  this.selectedIndex += selectedIndexDelta;","  this.selectedIndex = Math.max( 0, Math.min( this.slides.length - 1, this.selectedIndex ) );","","  this.cellChange( changedCellIndex, true );","  // backwards compatibility","  this.emitEvent( 'cellAddedRemoved', [ changedCellIndex, selectedIndexDelta ] );","};","","/**"," * logic to be run after a cell's size changes"," * @param {Element} elem - cell's element"," */","proto.cellSizeChange = function( elem ) {","  var cell = this.getCell( elem );","  if ( !cell ) {","    return;","  }","  cell.getSize();","","  var index = this.cells.indexOf( cell );","  this.cellChange( index );","};","","/**"," * logic any time a cell is changed: added, removed, or size changed"," * @param {Integer} changedCellIndex - index of the changed cell, optional"," */","proto.cellChange = function( changedCellIndex, isPositioningSlider ) {","  var prevSlideableWidth = this.slideableWidth;","  this._positionCells( changedCellIndex );","  this._getWrapShiftCells();","  this.setGallerySize();","  this.emitEvent( 'cellChange', [ changedCellIndex ] );","  // position slider","  if ( this.options.freeScroll ) {","    // shift x by change in slideableWidth","    // TODO fix position shifts when prepending w/ freeScroll","    var deltaX = prevSlideableWidth - this.slideableWidth;","    this.x += deltaX * this.cellAlign;","    this.positionSlider();","  } else {","    // do not position slider after lazy load","    if ( isPositioningSlider ) {","      this.positionSliderAtSelected();","    }","    this.select( this.selectedIndex );","  }","};","","// -----  ----- //","","return Flickity;","","}));",""],"l":{"2":2,"5":0,"7":0,"11":0,"13":0,"15":0,"22":0,"34":1,"35":0,"36":0,"37":0,"39":0,"44":0,"51":0,"52":0,"53":0,"54":0,"56":0,"58":0,"60":0,"62":0,"63":0,"64":0,"66":0,"67":0,"70":0,"72":0,"73":0,"75":0,"78":0,"79":0,"82":0,"84":0,"85":0,"88":0,"89":0,"92":0,"93":0,"100":0,"101":0,"102":0,"103":0,"104":0,"106":0,"107":0,"108":0,"109":0,"112":0,"113":0,"114":0,"116":0,"119":0,"121":0,"126":0,"128":0,"129":0,"130":0,"132":0,"134":0,"141":0,"142":0,"143":0,"144":0,"146":0,"148":0,"149":0,"156":0,"157":0,"158":0,"159":0,"160":0,"161":0,"163":0,"166":0,"167":0,"168":0,"171":0,"172":0,"174":0,"180":0}},"/home/travis/build/npmtest/node-npmtest-flickity/node_modules/flickity/js/animate.js":{"path":"/home/travis/build/npmtest/node-npmtest-flickity/node_modules/flickity/js/animate.js","s":{"1":2,"2":0,"3":0,"4":0,"5":0,"6":0,"7":0,"8":0,"9":0,"10":0,"11":0,"12":0,"13":0,"14":0,"15":0,"16":0,"17":0,"18":0,"19":0,"20":0,"21":0,"22":0,"23":0,"24":0,"25":0,"26":0,"27":0,"28":0,"29":0,"30":0,"31":0,"32":0,"33":0,"34":0,"35":0,"36":0,"37":0,"38":0,"39":0,"40":0,"41":0,"42":0,"43":0,"44":0,"45":0,"46":0,"47":0,"48":0,"49":0,"50":0,"51":0,"52":0,"53":0,"54":0,"55":0,"56":0,"57":0,"58":0,"59":0,"60":0,"61":0,"62":0,"63":0,"64":0,"65":0,"66":0,"67":0,"68":0,"69":0,"70":0,"71":0,"72":0,"73":0,"74":0,"75":0,"76":0,"77":0,"78":0,"79":0,"80":0,"81":0,
[...]
ne":208,"column":0},"end":{"line":212,"column":2}},"99":{"start":{"line":209,"column":2},"end":{"line":209,"column":31}},"100":{"start":{"line":210,"column":2},"end":{"line":210,"column":31}},"101":{"start":{"line":211,"column":2},"end":{"line":211,"column":59}},"102":{"start":{"line":216,"column":0},"end":{"line":216,"column":41}},"103":{"start":{"line":218,"column":0},"end":{"line":218,"column":16}}},"branchMap":{"1":{"line":5,"type":"if","locations":[{"start":{"line":5,"column":2},"end":{"line":5,"column":2}},{"start":{"line":5,"column":2},"end":{"line":5,"column":2}}]},"2":{"line":5,"type":"binary-expr","locations":[{"start":{"line":5,"column":7},"end":{"line":5,"column":34}},{"start":{"line":5,"column":38},"end":{"line":5,"column":48}}]},"3":{"line":14,"type":"if","locations":[{"start":{"line":14,"column":9},"end":{"line":14,"column":9}},{"start":{"line":14,"column":9},"end":{"line":14,"column":9}}]},"4":{"line":14,"type":"binary-expr","locations":[{"start":{"line":14,"column":14},"end":{"line":14,"column":39}},{"start":{"line":14,"column":43},"end":{"line":14,"column":57}}]},"5":{"line":51,"type":"cond-expr","locations":[{"start":{"line":51,"column":56},"end":{"line":51,"column":57}},{"start":{"line":51,"column":60},"end":{"line":51,"column":62}}]},"6":{"line":56,"type":"cond-expr","locations":[{"start":{"line":56,"column":41},"end":{"line":56,"column":52}},{"start":{"line":56,"column":55},"end":{"line":56,"column":62}}]},"7":{"line":62,"type":"cond-expr","locations":[{"start":{"line":62,"column":56},"end":{"line":62,"column":66}},{"start":{"line":62,"column":69},"end":{"line":62,"column":75}}]},"8":{"line":98,"type":"if","locations":[{"start":{"line":98,"column":2},"end":{"line":98,"column":2}},{"start":{"line":98,"column":2},"end":{"line":98,"column":2}}]},"9":{"line":108,"type":"if","locations":[{"start":{"line":108,"column":2},"end":{"line":108,"column":2}},{"start":{"line":108,"column":2},"end":{"line":108,"column":2}}]},"10":{"line":122,"type":"if","locations":[{"start":{"line":122,"column":2},"end":{"line":122,"column":2}},{"start":{"line":122,"column":2},"end":{"line":122,"column":2}}]},"11":{"line":126,"type":"cond-expr","locations":[{"start":{"line":126,"column":33},"end":{"line":126,"column":43}},{"start":{"line":126,"column":46},"end":{"line":126,"column":52}}]},"12":{"line":135,"type":"if","locations":[{"start":{"line":135,"column":2},"end":{"line":135,"column":2}},{"start":{"line":135,"column":2},"end":{"line":135,"column":2}}]},"13":{"line":135,"type":"binary-expr","locations":[{"start":{"line":135,"column":7},"end":{"line":135,"column":14}},{"start":{"line":135,"column":18},"end":{"line":135,"column":41}}]},"14":{"line":143,"type":"if","locations":[{"start":{"line":143,"column":2},"end":{"line":143,"column":2}},{"start":{"line":143,"column":2},"end":{"line":143,"column":2}}]},"15":{"line":151,"type":"if","locations":[{"start":{"line":151,"column":2},"end":{"line":151,"column":2}},{"start":{"line":151,"column":2},"end":{"line":151,"column":2}}]},"16":{"line":162,"type":"if","locations":[{"start":{"line":162,"column":2},"end":{"line":162,"column":2}},{"start":{"line":162,"column":2},"end":{"line":162,"column":2}}]},"17":{"line":162,"type":"binary-expr","locations":[{"start":{"line":162,"column":7},"end":{"line":162,"column":37}},{"start":{"line":162,"column":41},"end":{"line":162,"column":58}}]},"18":{"line":166,"type":"cond-expr","locations":[{"start":{"line":166,"column":34},"end":{"line":166,"column":51}},{"start":{"line":166,"column":54},"end":{"line":166,"column":55}}]},"19":{"line":167,"type":"cond-expr","locations":[{"start":{"line":167,"column":37},"end":{"line":167,"column":38}},{"start":{"line":167,"column":41},"end":{"line":167,"column":50}}]},"20":{"line":168,"type":"cond-expr","locations":[{"start":{"line":168,"column":57},"end":{"line":168,"column":66}},{"start":{"line":168,"column":69},"end":{"line":168,"column":77}}]},"21":{"line":192,"type":"if","locations":[{"start":{"line":192,"column":2},"end":{"line":192,"column":2}},{"start":{"line":192,"column":2},"end":{"line":192,"column":2}}]}},"code":["// prev/next buttons","( function( window, factory ) {","  // universal module definition","  /* jshint strict: false */","  if ( typeof define == 'function' && define.amd ) {","    // AMD","    define( [","      './flickity',","      'tap-listener/tap-listener',","      'fizzy-ui-utils/utils'","    ], function( Flickity, TapListener, utils ) {","      return factory( window, Flickity, TapListener, utils );","    });","  } else if ( typeof module == 'object' && module.exports ) {","    // CommonJS","    module.exports = factory(","      window,","      require('./flickity'),","      require('tap-listener'),","      require('fizzy-ui-utils')","    );","  } else {","    // browser global","    factory(","      window,","      window.Flickity,","      window.TapListener,","      window.fizzyUIUtils","    );","  }","","}( window, function factory( window, Flickity, TapListener, utils ) {","'use strict';","","var svgURI = 'http://www.w3.org/2000/svg';","","// -------------------------- PrevNextButton -------------------------- //","","function PrevNextButton( direction, parent ) {","  this.direction = direction;","  this.parent = parent;","  this._create();","}","","PrevNextButton.prototype = new TapListener();","","PrevNextButton.prototype._create = function() {","  // properties","  this.isEnabled = true;","  this.isPrevious = this.direction == -1;","  var leftDirection = this.parent.options.rightToLeft ? 1 : -1;","  this.isLeft = this.direction == leftDirection;","","  var element = this.element = document.createElement('button');","  element.className = 'flickity-prev-next-button';","  element.className += this.isPrevious ? ' previous' : ' next';","  // prevent button from submitting form http://stackoverflow.com/a/10836076/182183","  element.setAttribute( 'type', 'button' );","  // init as disabled","  this.disable();","","  element.setAttribute( 'aria-label', this.isPrevious ? 'previous' : 'next' );","","  // create arrow","  var svg = this.createSVG();","  element.appendChild( svg );","  // events","  this.on( 'tap', this.onTap );","  this.parent.on( 'select', this.update.bind( this ) );","  this.on( 'pointerDown', this.parent.childUIPointerDown.bind( this.parent ) );","};","","PrevNextButton.prototype.activate = function() {","  this.bindTap( this.element );","  // click events from keyboard","  this.element.addEventListener( 'click', this );","  // add to DOM","  this.parent.element.appendChild( this.element );","};","","PrevNextButton.prototype.deactivate = function() {","  // remove from DOM","  this.parent.element.removeChild( this.element );","  // do regular TapListener destroy","  TapListener.prototype.destroy.call( this );","  // click events from keyboard","  this.element.removeEventListener( 'click', this );","};","","PrevNextButton.prototype.createSVG = function() {","  var svg = document.createElementNS( svgURI, 'svg');","  svg.setAttribute( 'viewBox', '0 0 100 100' );","  var path = document.createElementNS( svgURI, 'path');","  var pathMovements = getArrowMovements( this.parent.options.arrowShape );","  path.setAttribute( 'd', pathMovements );","  path.setAttribute( 'class', 'arrow' );","  // rotate arrow","  if ( !this.isLeft ) {","    path.setAttribute( 'transform', 'translate(100, 100) rotate(180) ' );","  }","  svg.appendChild( path );","  return svg;","};","","// get SVG path movmement","function getArrowMovements( shape ) {","  // use shape as movement if string","  if ( typeof shape == 'string' ) {","    return shape;","  }","  // create movement string","  return 'M ' + shape.x0 + ',50' +","    ' L ' + shape.x1 + ',' + ( shape.y1 + 50 ) +","    ' L ' + shape.x2 + ',' + ( shape.y2 + 50 ) +","    ' L ' + shape.x3 + ',50 ' +","    ' L ' + shape.x2 + ',' + ( 50 - shape.y2 ) +","    ' L ' + shape.x1 + ',' + ( 50 - shape.y1 ) +","    ' Z';","}","","PrevNextButton.prototype.onTap = function() {","  if ( !this.isEnabled ) {","    return;","  }","  this.parent.uiChange();","  var method = this.isPrevious ? 'previous' : 'next';","  this.parent[ method ]();","};","","PrevNextButton.prototype.handleEvent = utils.handleEvent;","","PrevNextButton.prototype.onclick = function() {","  // only allow clicks from keyboard","  var focused = document.activeElement;","  if ( focused && focused == this.element ) {","    this.onTap();","  }","};","","// -----  ----- //","","PrevNextButton.prototype.enable = function() {","  if ( this.isEnabled ) {","    return;","  }","  this.element.disabled = false;","  this.isEnabled = true;","};","","PrevNextButton.prototype.disable = function() {","  if ( !this.isEnabled ) {","    return;","  }","  this.element.disabled = true;","  this.isEnabled = false;","};","","PrevNextButton.prototype.update = function() {","  // index of first or last slide, if previous or next","  var slides = this.parent.slides;","  // enable is wrapAround and at least 2 slides","  if ( this.parent.options.wrapAround && slides.length > 1 ) {","    this.enable();","    return;","  }","  var lastIndex = slides.length ? slides.length - 1 : 0;","  var boundIndex = this.isPrevious ? 0 : lastIndex;","  var method = this.parent.selectedIndex == boundIndex ? 'disable' : 'enable';","  this[ method ]();","};","","PrevNextButton.prototype.destroy = function() {","  this.deactivate();","};","","// -------------------------- Flickity prototype -------------------------- //","","utils.extend( Flickity.defaults, {","  prevNextButtons: true,","  arrowShape: {","    x0: 10,","    x1: 60, y1: 50,","    x2: 70, y2: 40,","    x3: 30","  }","});","","Flickity.createMethods.push('_createPrevNextButtons');","var proto = Flickity.prototype;","","proto._createPrevNextButtons = function() {","  if ( !this.options.prevNextButtons ) {","    return;","  }","","  this.prevButton = new PrevNextButton( -1, this );","  this.nextButton = new PrevNextButton( 1, this );","","  this.on( 'activate', this.activatePrevNextButtons );","};","","proto.activatePrevNextButtons = function() {","  this.prevButton.activate();","  this.nextButton.activate();","  this.on( 'deactivate', this.deactivatePrevNextButtons );","};","","proto.deactivatePrevNextButtons = function() {","  this.prevButton.deactivate();","  this.nextButton.deactivate();","  this.off( 'deactivate', this.deactivatePrevNextButtons );","};","","// --------------------------  -------------------------- //","","Flickity.PrevNextButton = PrevNextButton;","","return Flickity;","","}));",""],"l":{"2":2,"5":0,"7":0,"12":0,"14":0,"16":0,"24":0,"35":0,"39":1,"40":0,"41":0,"42":0,"45":0,"47":0,"49":0,"50":0,"51":0,"52":0,"54":0,"55":0,"56":0,"58":0,"60":0,"62":0,"65":0,"66":0,"68":0,"69":0,"70":0,"73":0,"74":0,"76":0,"78":0,"81":0,"83":0,"85":0,"87":0,"90":0,"91":0,"92":0,"93":0,"94":0,"95":0,"96":0,"98":0,"99":0,"101":0,"102":0,"106":1,"108":0,"109":0,"112":0,"121":0,"122":0,"123":0,"125":0,"126":0,"127":0,"130":0,"132":0,"134":0,"135":0,"136":0,"142":0,"143":0,"144":0,"146":0,"147":0,"150":0,"151":0,"152":0,"154":0,"155":0,"158":0,"160":0,"162":0,"163":0,"164":0,"166":0,"167":0,"168":0,"169":0,"172":0,"173":0,"178":0,"188":0,"189":0,"191":0,"192":0,"193":0,"196":0,"197":0,"199":0,"202":0,"203":0,"204":0,"205":0,"208":0,"209":0,"210":0,"211":0,"216":0,"218":0}},"/home/travis/build/npmtest/node-npmtest-flickity/node_modules/flickity/js/slide.js":{"path":"/home/travis/build/npmtest/node-npmtest-flickity/node_modules/flickity/js/slide.js","s":{"1":2,"2":0,"3":0,"4":0,"5":0,"6":0,"7":0,"8":1,"9":0,"10":0,"11":0,"12":0,"13":0,"14":0,"15":0,"16":0,"17":0,"18":0,"19":0,"20":0,"21":0,"22":0,"23":0,"24":0,"25":0,"26":0,"27":0,"28":0,"29":0,"30":0,"31":0,"32":0,"33":0,"34":0,"35":0,"36":0,"37":0,"38":0,"39":0,"40":0,"41":0},"b":{"1":[0,0],"2":[0,0],"3":[0,0],"4":[0,0],"5":[0,0],"6":[0,0],"7":[0,0],"8":[0,0],"9":[0,0]},"f":{"1":0,"2":0,"3":0,"4":0,"5":0,"6":0,"7":0,"8":0,"9":0,"10":0,"11":0,"12":0},"fnMap":{"1":{"name":"(anonymous_1)","line":2,"loc":{"start":{"line":2,"column":2},"end":{"line":2,"column":30}}},"2":{"name":"factory","line":17,"loc":{"start":{"line":17,"column":11},"end":{"line":17,"column":30}}},"3":{"name":"Slide","line":20,"loc":{"start":{"line":20,"column":0},"end":{"line":20,"column":25}}},"4":{"name":"(anonymous_4)","line":30,"loc":{"start":{"line":30,"column":16},"end":{"line":30,"column":33}}},"5":{"name":"(anonymous_5)","line":42,"loc":{"start":{"line":42,"column":21},"end":{"line":42,"column":32}}},"6":{"name":"(anonymous_6)","line":50,"loc":{"start":{"line":50,"column":20},"end":{"line":50,"column":31}}},"7":{"name":"(anonymous_7)","line":54,"loc":{"start":{"line":54,"column":15},"end":{"line":54,"column":26}}},"8":{"name":"(anonymous_8)","line":58,"loc":{"start":{"line":58,"column":17},"end":{"line":58,"column":28}}},"9":{"name":"(anonymous_9)","line":62,"loc":{"start":{"line":62,"column":28},"end":{"line":62,"column":47}}},"10":{"name":"(anonymous_10)","line":63,"loc":{"start":{"line":63,"column":22},"end":{"line":63,"column":39}}},"11":{"name":"(anonymous_11)","line":68,"loc":{"start":{"line":68,"column":24},"end":{"line":68,"column":35}}},"12":{"name":"(anonymous_12)","line":69,"loc":{"start":{"line":69,"column":25},"end":{"line":69,"column":42}}}},"statementMap":{"1":{"start":{"line":2,"column":0},"end":{"line":76,"column":4}},"2":{"start":{"line":5,"column":2},"end":{"line":15,"column":3}},"3":{"start":{"line":7,"column":4},"end":{"line":7,"column":22}},"4":{"start":{"line":8,"column":9},"end":{"line":15,"column":3}},"5":{"start":{"line":10,"column":4},"end":{"line":10,"column":31}},"6":{"start":{"line":13,"column":4},"end":{"line":13,"column":44}},"7":{"start":{"line":14,"column":4},"end":{"line":14,"column":38}},"8":{"start":{"line":20,"column":0},"end":{"line":26,"column":1}},"9":{"start":{"line":21,"column":2},"end":{"line":21,"column":23}},"10":{"start":{"line":22,"column":2},"end":{"line":22,"column":50}},"11":{"start":{"line":23,"column":2},"end":{"line":23,"column":18}},"12":{"start":{"line":24,"column":2},"end":{"line":24,"column":22}},"13":{"start":{"line":25,"column":2},"end":{"line":25,"column":18}},"14":{"start":{"line":28,"column":0},"end":{"line":28,"column":28}},"15":{"start":{"line":30,"column":0},"end":{"line":40,"column":2}},"16":{"start":{"line":31,"column":2},"end":{"line":31,"column":26}},"17":{"start":{"line":32,"column":2},"end":{"line":32,"column":42}},"18":{"start":{"line":33,"column":2},"end":{"line":33,"column":63}},"19":{"start":{"line":35,"column":2},"end":{"line":39,"column":3}},"20":{"start":{"line":36,"column":4},"end":{"line":36,"column":20}},"21":{"start":{"line":37,"column":4},"end":{"line":37,"column":71}},"22":{"start":{"line":38,"column":4},"end":{"line":38,"column":48}},"23":{"start":{"line":42,"column":0},"end":{"line":48,"column":2}},"24":{"start":{"line":43,"column":2},"end":{"line":43,"column":67}},"25":{"start":{"line":44,"column":2},"end":{"line":44,"column":36}},"26":{"start":{"line":45,"column":2},"end":{"line":45,"column":61}},"27":{"start":{"line":46,"column":2},"end":{"line":46,"column":71}},"28":{"start":{"line":47,"column":2},"end":{"line":47,"column":79}},"29":{"start":{"line":50,"column":0},"end":{"line":52,"column":2}},"30":{"start":{"line":51,"column":2},"end":{"line":51,"column":45}},"31":{"start":{"line":54,"column":0},"end":{"line":56,"column":2}},"32":{"start":{"line":55,"column":2},"end":{"line":55,"column":34}},"33":{"start":{"line":58,"column":0},"end":{"line":60,"column":2}},"34":{"start":{"line":59,"column":2},"end":{"line":59,"column":37}},"35":{"start":{"line":62,"column":0},"end":{"line":66,"column":2}},"36":{"start":{"line":63,"column":2},"end":{"line":65,"column":5}},"37":{"start":{"line":64,"column":4},"end":{"line":64,"column":52}},"38":{"start":{"line":68,"column":0},"end":{"line":72,"column":2}},"39":{"start":{"line":69,"column":2},"end":{"line":71,"column":5}},"40":{"start":{"line":70,"column":4},"end":{"line":70,"column":24}},"41":{"start":{"line":74,"column":0},"end":{"line":74,"column":13}}},"branchMap":{"1":{"line":5,"type":"if","locations":[{"start":{"line":5,"column":2},"end":{"line":5,"column":2}},{"start":{"line":5,"column":2},"end":{"line":5,"column":2}}]},"2":{"line":5,"type":"binary-expr","locations":[{"start":{"line":5,"column":7},"end":{"line":5,"column":34}},{"start":{"line":5,"column":38},"end":{"line":5,"column":48}}]},"3":{"line":8,"type":"if","locations":[{"start":{"line":8,"column":9},"end":{"line":8,"column":9}},{"start":{"line":8,"column":9},"end":{"line":8,"column":9}}]},"4":{"line":8,"type":"binary-expr","locations":[{"start":{"line":8,"column":14},"end":{"line":8,"column":39}},{"start":{"line":8,"column":43},"end":{"line":8,"column":57}}]},"5":{"line":13,"type":"binary-expr","locations":[{"start":{"line":13,"column":22},"end":{"line":13,"column":37}},{"start":{"line":13,"column":41},"end":{"line":13,"column":43}}]},"6":{"line":35,"type":"if","locations":[{"start":{"line":35,"column":2},"end":{"line":35,"column":2}},{"start":{"line":35,"column":2},"end":{"line":35,"column":2}}]},"7":{"line":37,"type":"cond-expr","locations":[{"start":{"line":37,"column":42},"end":{"line":37,"column":54}},{"start":{"line":37,"column":57},"end":{"line":37,"column":70}}]},"8":{"line":43,"type":"cond-expr","locations":[{"start":{"line":43,"column":38},"end":{"line":43,"column":51}},{"start":{"line":43,"column":54},"end":{"line":43,"column":66}}]},"9":{"line":45,"type":"cond-expr","locations":[{"start":{"line":45,"column":30},"end":{"line":45,"column":56}},{"start":{"line":45,"column":59},"end":{"line":45,"column":60}}]}},"code":["// slide","( function( window, factory ) {","  // universal module definition","  /* jshint strict: false */","  if ( typeof define == 'function' && define.amd ) {","    // AMD","    define( factory );","  } else if ( typeof module == 'object' && module.exports ) {","    // CommonJS","    module.exports = factory();","  } else {","    // browser global","    window.Flickity = window.Flickity || {};","    window.Flickity.Slide = factory();","  }","","}( window, function factory() {","'use strict';","","function Slide( parent ) {","  this.parent = parent;","  this.isOriginLeft = parent.originSide == 'left';","  this.cells = [];","  this.outerWidth = 0;","  this.height = 0;","}","","var proto = Slide.prototype;","","proto.addCell = function( cell ) {","  this.cells.push( cell );","  this.outerWidth += cell.size.outerWidth;","  this.height = Math.max( cell.size.outerHeight, this.height );","  // first cell stuff","  if ( this.cells.length == 1 ) {","    this.x = cell.x; // x comes from first cell","    var beginMargin = this.isOriginLeft ? 'marginLeft' : 'marginRight';","    this.firstMargin = cell.size[ beginMargin ];","  }","};","","proto.updateTarget = function() {","  var endMargin = this.isOriginLeft ? 'marginRight' : 'marginLeft';","  var lastCell = this.getLastCell();","  var lastMargin = lastCell ? lastCell.size[ endMargin ] : 0;","  var slideWidth = this.outerWidth - ( this.firstMargin + lastMargin );","  this.target = this.x + this.firstMargin + slideWidth * this.parent.cellAlign;","};","","proto.getLastCell = function() {","  return this.cells[ this.cells.length - 1 ];","};","","proto.select = function() {","  this.changeSelectedClass('add');","};","","proto.unselect = function() {","  this.changeSelectedClass('remove');","};","","proto.changeSelectedClass = function( method ) {","  this.cells.forEach( function( cell ) {","    cell.element.classList[ method ]('is-selected');","  });","};","","proto.getCellElements = function() {","  return this.cells.map( function( cell ) {","    return cell.element;","  });","};","","return Slide;","","}));",""],"l":{"2":2,"5":0,"7":0,"8":0,"10":0,"13":0,"14":0,"20":1,"21":0,"22":0,"23":0,"24":0,"25":0,"28":0,"30":0,"31":0,"32":0,"33":0,"35":0,"36":0,"37":0,"38":0,"42":0,"43":0,"44":0,"45":0,"46":0,"47":0,"50":0,"51":0,"54":0,"55":0,"58":0,"59":0,"62":0,"63":0,"64":0,"68":0,"69":0,"70":0,"74":0}}}